#
# A fatal error has been detected by the Java Runtime Environment:
#
#  EXCEPTION_ACCESS_VIOLATION (0xc0000005) at pc=0x00007ff94113cc0b, pid=47492, tid=28436
#
# JRE version: Java(TM) SE Runtime Environment 18.9 (11.0.17+10) (build 11.0.17+10-LTS-269)
# Java VM: Java HotSpot(TM) 64-Bit Server VM 18.9 (11.0.17+10-LTS-269, mixed mode, tiered, compressed oops, g1 gc, windows-amd64)
# Problematic frame:
# V  [jvm.dll+0x6acc0b]
#
# No core dump will be written. Minidumps are not enabled by default on client versions of Windows
#
# If you would like to submit a bug report, please visit:
#   https://bugreport.java.com/bugreport/crash.jsp
#

---------------  S U M M A R Y ------------

Command Line: -agentlib:jdwp=transport=dt_socket,address=127.0.0.1:57184,suspend=y,server=n -ea -Didea.test.cyclic.buffer.size=1048576 -javaagent:C:\Users\SAURAV~1\AppData\Local\Temp\captureAgentjars\debugger-agent.jar -Dfile.encoding=UTF-8 com.intellij.rt.testng.RemoteTestNGStarter -usedefaultlisteners false -socket57183 @w@C:\Users\SAURAV~1\AppData\Local\Temp\idea_working_dirs_testng.tmp -temp C:\Users\SAURAV~1\AppData\Local\Temp\idea_testng.tmp

Host: Intel(R) Core(TM) i7-8565U CPU @ 1.80GHz, 8 cores, 15G,  Windows 11 , 64 bit Build 22621 (10.0.22621.2506)
Time: Mon Feb 19 13:54:51 2024 India Standard Time elapsed time: 439.757702 seconds (0d 0h 7m 19s)

---------------  T H R E A D  ---------------

Current thread (0x000001bc80417000):  VMThread "VM Thread" [stack: 0x0000008a4bf00000,0x0000008a4c000000] [id=28436]

Stack: [0x0000008a4bf00000,0x0000008a4c000000],  sp=0x0000008a4bffeae0,  free space=1018k
Native frames: (J=compiled Java code, j=interpreted, Vv=VM code, C=native code)
V  [jvm.dll+0x6acc0b]
V  [jvm.dll+0x316e13]
V  [jvm.dll+0x318b15]
V  [jvm.dll+0x31940e]
V  [jvm.dll+0x316c6c]
V  [jvm.dll+0x315ea2]
V  [jvm.dll+0x61aa55]
V  [jvm.dll+0x61a7dd]
V  [jvm.dll+0x5e1ee3]
V  [jvm.dll+0x4efd61]
V  [jvm.dll+0x76d52c]
V  [jvm.dll+0x76b8a7]
V  [jvm.dll+0x76c0e0]
V  [jvm.dll+0x76c3f7]
V  [jvm.dll+0x723e64]
V  [jvm.dll+0x62a485]
C  [ucrtbase.dll+0x29363]
C  [KERNEL32.DLL+0x1257d]
C  [ntdll.dll+0x5aa58]


siginfo: EXCEPTION_ACCESS_VIOLATION (0xc0000005), reading address 0x0000000000000006


Register to memory mapping:

RIP=0x00007ff94113cc0b jvm.dll
RAX=0x0000008a4bffeb80 points into unknown readable memory: 0x000000004fffffff | ff ff ff 4f 00 00 00 00
RBX=0x0000008a4bffeb50 points into unknown readable memory: 0x00007ff941301698 | 98 16 30 41 f9 7f 00 00
RCX=0x0 is NULL
RDX=0x0 is NULL
RSP=0x0000008a4bffeae0 points into unknown readable memory: 0x0000008a4bffeb50 | 50 eb ff 4b 8a 00 00 00
RBP=0x0000008a4bfff0a0 points into unknown readable memory: 0x000001bc8113c418 | 18 c4 13 81 bc 01 00 00
RSI=0x0 is NULL
RDI=0x0 is NULL
R8 =0x0 is NULL
R9 =0x000001bc81f297f0 is pointing into metadata
R10=0x0 is NULL
R11=0x0 is NULL
R12=0x000001bc8113c0f0 points into unknown readable memory: 0x000000004133fe00 | 00 fe 33 41 00 00 00 00
R13=0x0 is NULL
R14=0x000001bc81f2a515 is pointing into metadata
R15=0x0000000000000024 is an unknown value


Registers:
RAX=0x0000008a4bffeb80, RBX=0x0000008a4bffeb50, RCX=0x0000000000000000, RDX=0x0000000000000000
RSP=0x0000008a4bffeae0, RBP=0x0000008a4bfff0a0, RSI=0x0000000000000000, RDI=0x0000000000000000
R8 =0x0000000000000000, R9 =0x000001bc81f297f0, R10=0x0000000000000000, R11=0x0000000000000000
R12=0x000001bc8113c0f0, R13=0x0000000000000000, R14=0x000001bc81f2a515, R15=0x0000000000000024
RIP=0x00007ff94113cc0b, EFLAGS=0x0000000000010246

Top of Stack: (sp=0x0000008a4bffeae0)
0x0000008a4bffeae0:   0000008a4bffeb50 00007ff940cc6c1e
0x0000008a4bffeaf0:   0000000000000400 00007ff94113d19b
0x0000008a4bffeb00:   000001bcdb620000 0000008a4bffedf9
0x0000008a4bffeb10:   0000000000000000 00007ff940da6e13
0x0000008a4bffeb20:   0000008a4bfff140 0000008a4bfff210
0x0000008a4bffeb30:   0000000000000013 000001bc81f2a172
0x0000008a4bffeb40:   00007ff940a90000 ffffffffffffffff
0x0000008a4bffeb50:   00007ff941301698 0000000000000000
0x0000008a4bffeb60:   0000000000000000 00007ff940da6f66
0x0000008a4bffeb70:   0000008a4bffeb80 0000008a00000000
0x0000008a4bffeb80:   000000004fffffff 000001bc8113c19c
0x0000008a4bffeb90:   4fffffff00000000 00007ff967b366ed
0x0000008a4bffeba0:   00007ff941301698 000001bc81065c98
0x0000008a4bffebb0:   0000000000000014 000001bc0000000a
0x0000008a4bffebc0:   0000008a4bffebe0 00007ff900000002
0x0000008a4bffebd0:   000000002fffffff 0000008a4bffece0 

Instructions: (pc=0x00007ff94113cc0b)
0x00007ff94113cbeb:   cc cc cc cc cc 40 53 48 83 ec 30 c7 41 10 00 00
0x00007ff94113cbfb:   00 00 48 8b d9 48 89 7c 24 48 48 8b 79 08 33 c9
0x00007ff94113cc0b:   80 7f 06 28 74 30 44 8d 41 35 c7 44 24 20 28 00
0x00007ff94113cc1b:   00 00 b9 00 00 00 e0 4c 8d 0d d7 64 21 00 48 8d 


Stack slot to memory mapping:
stack at sp + 0 slots: 0x0000008a4bffeb50 points into unknown readable memory: 0x00007ff941301698 | 98 16 30 41 f9 7f 00 00
stack at sp + 1 slots: 0x00007ff940cc6c1e jvm.dll
stack at sp + 2 slots: 0x0000000000000400 is an unknown value
stack at sp + 3 slots: 0x00007ff94113d19b jvm.dll
stack at sp + 4 slots: 0x000001bcdb620000 points into unknown readable memory: 0x0000000000000000 | 00 00 00 00 00 00 00 00
stack at sp + 5 slots: 0x0000008a4bffedf9 points into unknown readable memory: e7 2b 82 bc 01 00 00
stack at sp + 6 slots: 0x0 is NULL
stack at sp + 7 slots: 0x00007ff940da6e13 jvm.dll

VM_Operation (0x0000008a4caff3a0): GetOrSetLocal, mode: safepoint, requested by thread 0x000001bc8145e800


---------------  P R O C E S S  ---------------

Threads class SMR info:
_java_thread_list=0x000001bc82344990, length=14, elements={
0x000001bcddc1f800, 0x000001bc81161000, 0x000001bc8116a000, 0x000001bc811b6800,
0x000001bc811b7800, 0x000001bc811bb000, 0x000001bc811bd000, 0x000001bc811c8000,
0x000001bc811cc800, 0x000001bc803d1000, 0x000001bc8145e800, 0x000001bc81562800,
0x000001bc81565800, 0x000001bc82a10000
}

Java Threads: ( => current thread )
  0x000001bcddc1f800 JavaThread "main" [_thread_blocked, id=47472, stack(0x0000008a4b900000,0x0000008a4ba00000)]
  0x000001bc81161000 JavaThread "Reference Handler" daemon [_thread_blocked, id=48848, stack(0x0000008a4c000000,0x0000008a4c100000)]
  0x000001bc8116a000 JavaThread "Finalizer" daemon [_thread_blocked, id=44452, stack(0x0000008a4c100000,0x0000008a4c200000)]
  0x000001bc811b6800 JavaThread "Signal Dispatcher" daemon [_thread_blocked, id=45816, stack(0x0000008a4c200000,0x0000008a4c300000)]
  0x000001bc811b7800 JavaThread "Attach Listener" daemon [_thread_blocked, id=47740, stack(0x0000008a4c300000,0x0000008a4c400000)]
  0x000001bc811bb000 JavaThread "Service Thread" daemon [_thread_blocked, id=31932, stack(0x0000008a4c400000,0x0000008a4c500000)]
  0x000001bc811bd000 JavaThread "C2 CompilerThread0" daemon [_thread_blocked, id=40940, stack(0x0000008a4c500000,0x0000008a4c600000)]
  0x000001bc811c8000 JavaThread "C1 CompilerThread0" daemon [_thread_blocked, id=32104, stack(0x0000008a4c600000,0x0000008a4c700000)]
  0x000001bc811cc800 JavaThread "Sweeper thread" daemon [_thread_blocked, id=35692, stack(0x0000008a4c700000,0x0000008a4c800000)]
  0x000001bc803d1000 JavaThread "Common-Cleaner" daemon [_thread_blocked, id=28824, stack(0x0000008a4c800000,0x0000008a4c900000)]
  0x000001bc8145e800 JavaThread "JDWP Transport Listener: dt_socket" daemon [_thread_blocked, id=44736, stack(0x0000008a4ca00000,0x0000008a4cb00000)] _threads_hazard_ptr=0x000001bc82344990
  0x000001bc81562800 JavaThread "JDWP Event Helper Thread" daemon [_thread_blocked, id=43092, stack(0x0000008a4cb00000,0x0000008a4cc00000)]
  0x000001bc81565800 JavaThread "JDWP Command Reader" daemon [_thread_in_native, id=43548, stack(0x0000008a4cc00000,0x0000008a4cd00000)]
  0x000001bc82a10000 JavaThread "mysql-cj-abandoned-connection-cleanup" daemon [_thread_blocked, id=9768, stack(0x0000008a4d400000,0x0000008a4d500000)]

Other Threads:
=>0x000001bc80417000 VMThread "VM Thread" [stack: 0x0000008a4bf00000,0x0000008a4c000000] [id=28436]
  0x000001bc816a2800 WatcherThread [stack: 0x0000008a4c900000,0x0000008a4ca00000] [id=29480]
  0x000001bcddc37800 GCTaskThread "GC Thread#0" [stack: 0x0000008a4ba00000,0x0000008a4bb00000] [id=40036]
  0x000001bc82c3a000 GCTaskThread "GC Thread#1" [stack: 0x0000008a4cf00000,0x0000008a4d000000] [id=47700]
  0x000001bc82c3a800 GCTaskThread "GC Thread#2" [stack: 0x0000008a4d000000,0x0000008a4d100000] [id=43880]
  0x000001bc82099800 GCTaskThread "GC Thread#3" [stack: 0x0000008a4d100000,0x0000008a4d200000] [id=19528]
  0x000001bc8209a000 GCTaskThread "GC Thread#4" [stack: 0x0000008a4d200000,0x0000008a4d300000] [id=46612]
  0x000001bc82609800 GCTaskThread "GC Thread#5" [stack: 0x0000008a4d300000,0x0000008a4d400000] [id=45168]
  0x000001bcddc92800 ConcurrentGCThread "G1 Main Marker" [stack: 0x0000008a4bb00000,0x0000008a4bc00000] [id=48180]
  0x000001bcddc93800 ConcurrentGCThread "G1 Conc#0" [stack: 0x0000008a4bc00000,0x0000008a4bd00000] [id=36692]
  0x000001bc821f8800 ConcurrentGCThread "G1 Conc#1" [stack: 0x0000008a4d500000,0x0000008a4d600000] [id=46088]
  0x000001bc80357800 ConcurrentGCThread "G1 Refine#0" [stack: 0x0000008a4bd00000,0x0000008a4be00000] [id=38472]
  0x000001bc8035a800 ConcurrentGCThread "G1 Young RemSet Sampling" [stack: 0x0000008a4be00000,0x0000008a4bf00000] [id=35092]

Threads with active compile tasks:

VM state:at safepoint (normal execution)

VM Mutex/Monitor currently owned by a thread:  ([mutex/lock_event])
[0x000001bcddc1b7d0] Threads_lock - owner thread: 0x000001bc80417000

Heap address: 0x0000000702600000, size: 4058 MB, Compressed Oops mode: Zero based, Oop shift amount: 3
Narrow klass base: 0x0000000800000000, Narrow klass shift: 0
Compressed class space size: 1073741824 Address: 0x0000000800000000

Heap:
 garbage-first heap   total 260096K, used 13748K [0x0000000702600000, 0x0000000800000000)
  region size 1024K, 14 young (14336K), 6 survivors (6144K)
 Metaspace       used 23225K, capacity 23952K, committed 24112K, reserved 1071104K
  class space    used 2494K, capacity 2819K, committed 2944K, reserved 1048576K
Heap Regions: E=young(eden), S=young(survivor), O=old, HS=humongous(starts), HC=humongous(continues), CS=collection set, F=free, A=archive, TAMS=top-at-mark-start (previous, next)
|   0|0x0000000702600000, 0x000000070266d200, 0x0000000702700000| 42%| O|  |TAMS 0x000000070266d200, 0x0000000702600000| Untracked 
|   1|0x0000000702700000, 0x0000000702700000, 0x0000000702800000|  0%| F|  |TAMS 0x0000000702700000, 0x0000000702700000| Untracked 
|   2|0x0000000702800000, 0x0000000702800000, 0x0000000702900000|  0%| F|  |TAMS 0x0000000702800000, 0x0000000702800000| Untracked 
|   3|0x0000000702900000, 0x0000000702900000, 0x0000000702a00000|  0%| F|  |TAMS 0x0000000702900000, 0x0000000702900000| Untracked 
|   4|0x0000000702a00000, 0x0000000702a00000, 0x0000000702b00000|  0%| F|  |TAMS 0x0000000702a00000, 0x0000000702a00000| Untracked 
|   5|0x0000000702b00000, 0x0000000702b00000, 0x0000000702c00000|  0%| F|  |TAMS 0x0000000702b00000, 0x0000000702b00000| Untracked 
|   6|0x0000000702c00000, 0x0000000702c00000, 0x0000000702d00000|  0%| F|  |TAMS 0x0000000702c00000, 0x0000000702c00000| Untracked 
|   7|0x0000000702d00000, 0x0000000702d00000, 0x0000000702e00000|  0%| F|  |TAMS 0x0000000702d00000, 0x0000000702d00000| Untracked 
|   8|0x0000000702e00000, 0x0000000702e00000, 0x0000000702f00000|  0%| F|  |TAMS 0x0000000702e00000, 0x0000000702e00000| Untracked 
|   9|0x0000000702f00000, 0x0000000702f00000, 0x0000000703000000|  0%| F|  |TAMS 0x0000000702f00000, 0x0000000702f00000| Untracked 
|  10|0x0000000703000000, 0x0000000703000000, 0x0000000703100000|  0%| F|  |TAMS 0x0000000703000000, 0x0000000703000000| Untracked 
|  11|0x0000000703100000, 0x0000000703100000, 0x0000000703200000|  0%| F|  |TAMS 0x0000000703100000, 0x0000000703100000| Untracked 
|  12|0x0000000703200000, 0x0000000703200000, 0x0000000703300000|  0%| F|  |TAMS 0x0000000703200000, 0x0000000703200000| Untracked 
|  13|0x0000000703300000, 0x0000000703300000, 0x0000000703400000|  0%| F|  |TAMS 0x0000000703300000, 0x0000000703300000| Untracked 
|  14|0x0000000703400000, 0x0000000703400000, 0x0000000703500000|  0%| F|  |TAMS 0x0000000703400000, 0x0000000703400000| Untracked 
|  15|0x0000000703500000, 0x0000000703500000, 0x0000000703600000|  0%| F|  |TAMS 0x0000000703500000, 0x0000000703500000| Untracked 
|  16|0x0000000703600000, 0x0000000703600000, 0x0000000703700000|  0%| F|  |TAMS 0x0000000703600000, 0x0000000703600000| Untracked 
|  17|0x0000000703700000, 0x0000000703700000, 0x0000000703800000|  0%| F|  |TAMS 0x0000000703700000, 0x0000000703700000| Untracked 
|  18|0x0000000703800000, 0x0000000703800000, 0x0000000703900000|  0%| F|  |TAMS 0x0000000703800000, 0x0000000703800000| Untracked 
|  19|0x0000000703900000, 0x0000000703900000, 0x0000000703a00000|  0%| F|  |TAMS 0x0000000703900000, 0x0000000703900000| Untracked 
|  20|0x0000000703a00000, 0x0000000703a00000, 0x0000000703b00000|  0%| F|  |TAMS 0x0000000703a00000, 0x0000000703a00000| Untracked 
|  21|0x0000000703b00000, 0x0000000703b00000, 0x0000000703c00000|  0%| F|  |TAMS 0x0000000703b00000, 0x0000000703b00000| Untracked 
|  22|0x0000000703c00000, 0x0000000703c00000, 0x0000000703d00000|  0%| F|  |TAMS 0x0000000703c00000, 0x0000000703c00000| Untracked 
|  23|0x0000000703d00000, 0x0000000703d00000, 0x0000000703e00000|  0%| F|  |TAMS 0x0000000703d00000, 0x0000000703d00000| Untracked 
|  24|0x0000000703e00000, 0x0000000703e00000, 0x0000000703f00000|  0%| F|  |TAMS 0x0000000703e00000, 0x0000000703e00000| Untracked 
|  25|0x0000000703f00000, 0x0000000703f00000, 0x0000000704000000|  0%| F|  |TAMS 0x0000000703f00000, 0x0000000703f00000| Untracked 
|  26|0x0000000704000000, 0x0000000704000000, 0x0000000704100000|  0%| F|  |TAMS 0x0000000704000000, 0x0000000704000000| Untracked 
|  27|0x0000000704100000, 0x0000000704100000, 0x0000000704200000|  0%| F|  |TAMS 0x0000000704100000, 0x0000000704100000| Untracked 
|  28|0x0000000704200000, 0x0000000704200000, 0x0000000704300000|  0%| F|  |TAMS 0x0000000704200000, 0x0000000704200000| Untracked 
|  29|0x0000000704300000, 0x0000000704300000, 0x0000000704400000|  0%| F|  |TAMS 0x0000000704300000, 0x0000000704300000| Untracked 
|  30|0x0000000704400000, 0x0000000704400000, 0x0000000704500000|  0%| F|  |TAMS 0x0000000704400000, 0x0000000704400000| Untracked 
|  31|0x0000000704500000, 0x0000000704500000, 0x0000000704600000|  0%| F|  |TAMS 0x0000000704500000, 0x0000000704500000| Untracked 
|  32|0x0000000704600000, 0x0000000704600000, 0x0000000704700000|  0%| F|  |TAMS 0x0000000704600000, 0x0000000704600000| Untracked 
|  33|0x0000000704700000, 0x0000000704700000, 0x0000000704800000|  0%| F|  |TAMS 0x0000000704700000, 0x0000000704700000| Untracked 
|  34|0x0000000704800000, 0x0000000704800000, 0x0000000704900000|  0%| F|  |TAMS 0x0000000704800000, 0x0000000704800000| Untracked 
|  35|0x0000000704900000, 0x0000000704900000, 0x0000000704a00000|  0%| F|  |TAMS 0x0000000704900000, 0x0000000704900000| Untracked 
|  36|0x0000000704a00000, 0x0000000704a00000, 0x0000000704b00000|  0%| F|  |TAMS 0x0000000704a00000, 0x0000000704a00000| Untracked 
|  37|0x0000000704b00000, 0x0000000704b00000, 0x0000000704c00000|  0%| F|  |TAMS 0x0000000704b00000, 0x0000000704b00000| Untracked 
|  38|0x0000000704c00000, 0x0000000704c00000, 0x0000000704d00000|  0%| F|  |TAMS 0x0000000704c00000, 0x0000000704c00000| Untracked 
|  39|0x0000000704d00000, 0x0000000704d00000, 0x0000000704e00000|  0%| F|  |TAMS 0x0000000704d00000, 0x0000000704d00000| Untracked 
|  40|0x0000000704e00000, 0x0000000704e00000, 0x0000000704f00000|  0%| F|  |TAMS 0x0000000704e00000, 0x0000000704e00000| Untracked 
|  41|0x0000000704f00000, 0x0000000704f00000, 0x0000000705000000|  0%| F|  |TAMS 0x0000000704f00000, 0x0000000704f00000| Untracked 
|  42|0x0000000705000000, 0x0000000705000000, 0x0000000705100000|  0%| F|  |TAMS 0x0000000705000000, 0x0000000705000000| Untracked 
|  43|0x0000000705100000, 0x0000000705100000, 0x0000000705200000|  0%| F|  |TAMS 0x0000000705100000, 0x0000000705100000| Untracked 
|  44|0x0000000705200000, 0x0000000705200000, 0x0000000705300000|  0%| F|  |TAMS 0x0000000705200000, 0x0000000705200000| Untracked 
|  45|0x0000000705300000, 0x0000000705300000, 0x0000000705400000|  0%| F|  |TAMS 0x0000000705300000, 0x0000000705300000| Untracked 
|  46|0x0000000705400000, 0x0000000705400000, 0x0000000705500000|  0%| F|  |TAMS 0x0000000705400000, 0x0000000705400000| Untracked 
|  47|0x0000000705500000, 0x0000000705500000, 0x0000000705600000|  0%| F|  |TAMS 0x0000000705500000, 0x0000000705500000| Untracked 
|  48|0x0000000705600000, 0x0000000705600000, 0x0000000705700000|  0%| F|  |TAMS 0x0000000705600000, 0x0000000705600000| Untracked 
|  49|0x0000000705700000, 0x0000000705700000, 0x0000000705800000|  0%| F|  |TAMS 0x0000000705700000, 0x0000000705700000| Untracked 
|  50|0x0000000705800000, 0x0000000705800000, 0x0000000705900000|  0%| F|  |TAMS 0x0000000705800000, 0x0000000705800000| Untracked 
|  51|0x0000000705900000, 0x0000000705900000, 0x0000000705a00000|  0%| F|  |TAMS 0x0000000705900000, 0x0000000705900000| Untracked 
|  52|0x0000000705a00000, 0x0000000705a00000, 0x0000000705b00000|  0%| F|  |TAMS 0x0000000705a00000, 0x0000000705a00000| Untracked 
|  53|0x0000000705b00000, 0x0000000705b00000, 0x0000000705c00000|  0%| F|  |TAMS 0x0000000705b00000, 0x0000000705b00000| Untracked 
|  54|0x0000000705c00000, 0x0000000705c00000, 0x0000000705d00000|  0%| F|  |TAMS 0x0000000705c00000, 0x0000000705c00000| Untracked 
|  55|0x0000000705d00000, 0x0000000705d00000, 0x0000000705e00000|  0%| F|  |TAMS 0x0000000705d00000, 0x0000000705d00000| Untracked 
|  56|0x0000000705e00000, 0x0000000705e00000, 0x0000000705f00000|  0%| F|  |TAMS 0x0000000705e00000, 0x0000000705e00000| Untracked 
|  57|0x0000000705f00000, 0x0000000705f00000, 0x0000000706000000|  0%| F|  |TAMS 0x0000000705f00000, 0x0000000705f00000| Untracked 
|  58|0x0000000706000000, 0x0000000706000000, 0x0000000706100000|  0%| F|  |TAMS 0x0000000706000000, 0x0000000706000000| Untracked 
|  59|0x0000000706100000, 0x0000000706100000, 0x0000000706200000|  0%| F|  |TAMS 0x0000000706100000, 0x0000000706100000| Untracked 
|  60|0x0000000706200000, 0x0000000706200000, 0x0000000706300000|  0%| F|  |TAMS 0x0000000706200000, 0x0000000706200000| Untracked 
|  61|0x0000000706300000, 0x0000000706300000, 0x0000000706400000|  0%| F|  |TAMS 0x0000000706300000, 0x0000000706300000| Untracked 
|  62|0x0000000706400000, 0x0000000706400000, 0x0000000706500000|  0%| F|  |TAMS 0x0000000706400000, 0x0000000706400000| Untracked 
|  63|0x0000000706500000, 0x0000000706500000, 0x0000000706600000|  0%| F|  |TAMS 0x0000000706500000, 0x0000000706500000| Untracked 
|  64|0x0000000706600000, 0x0000000706600000, 0x0000000706700000|  0%| F|  |TAMS 0x0000000706600000, 0x0000000706600000| Untracked 
|  65|0x0000000706700000, 0x0000000706700000, 0x0000000706800000|  0%| F|  |TAMS 0x0000000706700000, 0x0000000706700000| Untracked 
|  66|0x0000000706800000, 0x0000000706800000, 0x0000000706900000|  0%| F|  |TAMS 0x0000000706800000, 0x0000000706800000| Untracked 
|  67|0x0000000706900000, 0x0000000706900000, 0x0000000706a00000|  0%| F|  |TAMS 0x0000000706900000, 0x0000000706900000| Untracked 
|  68|0x0000000706a00000, 0x0000000706a00000, 0x0000000706b00000|  0%| F|  |TAMS 0x0000000706a00000, 0x0000000706a00000| Untracked 
|  69|0x0000000706b00000, 0x0000000706b00000, 0x0000000706c00000|  0%| F|  |TAMS 0x0000000706b00000, 0x0000000706b00000| Untracked 
|  70|0x0000000706c00000, 0x0000000706c00000, 0x0000000706d00000|  0%| F|  |TAMS 0x0000000706c00000, 0x0000000706c00000| Untracked 
|  71|0x0000000706d00000, 0x0000000706d00000, 0x0000000706e00000|  0%| F|  |TAMS 0x0000000706d00000, 0x0000000706d00000| Untracked 
|  72|0x0000000706e00000, 0x0000000706e00000, 0x0000000706f00000|  0%| F|  |TAMS 0x0000000706e00000, 0x0000000706e00000| Untracked 
|  73|0x0000000706f00000, 0x0000000706f00000, 0x0000000707000000|  0%| F|  |TAMS 0x0000000706f00000, 0x0000000706f00000| Untracked 
|  74|0x0000000707000000, 0x0000000707000000, 0x0000000707100000|  0%| F|  |TAMS 0x0000000707000000, 0x0000000707000000| Untracked 
|  75|0x0000000707100000, 0x0000000707100000, 0x0000000707200000|  0%| F|  |TAMS 0x0000000707100000, 0x0000000707100000| Untracked 
|  76|0x0000000707200000, 0x0000000707200000, 0x0000000707300000|  0%| F|  |TAMS 0x0000000707200000, 0x0000000707200000| Untracked 
|  77|0x0000000707300000, 0x0000000707300000, 0x0000000707400000|  0%| F|  |TAMS 0x0000000707300000, 0x0000000707300000| Untracked 
|  78|0x0000000707400000, 0x0000000707400000, 0x0000000707500000|  0%| F|  |TAMS 0x0000000707400000, 0x0000000707400000| Untracked 
|  79|0x0000000707500000, 0x0000000707500000, 0x0000000707600000|  0%| F|  |TAMS 0x0000000707500000, 0x0000000707500000| Untracked 
|  80|0x0000000707600000, 0x0000000707600000, 0x0000000707700000|  0%| F|  |TAMS 0x0000000707600000, 0x0000000707600000| Untracked 
|  81|0x0000000707700000, 0x0000000707700000, 0x0000000707800000|  0%| F|  |TAMS 0x0000000707700000, 0x0000000707700000| Untracked 
|  82|0x0000000707800000, 0x0000000707800000, 0x0000000707900000|  0%| F|  |TAMS 0x0000000707800000, 0x0000000707800000| Untracked 
|  83|0x0000000707900000, 0x0000000707900000, 0x0000000707a00000|  0%| F|  |TAMS 0x0000000707900000, 0x0000000707900000| Untracked 
|  84|0x0000000707a00000, 0x0000000707a00000, 0x0000000707b00000|  0%| F|  |TAMS 0x0000000707a00000, 0x0000000707a00000| Untracked 
|  85|0x0000000707b00000, 0x0000000707b00000, 0x0000000707c00000|  0%| F|  |TAMS 0x0000000707b00000, 0x0000000707b00000| Untracked 
|  86|0x0000000707c00000, 0x0000000707c00000, 0x0000000707d00000|  0%| F|  |TAMS 0x0000000707c00000, 0x0000000707c00000| Untracked 
|  87|0x0000000707d00000, 0x0000000707d00000, 0x0000000707e00000|  0%| F|  |TAMS 0x0000000707d00000, 0x0000000707d00000| Untracked 
|  88|0x0000000707e00000, 0x0000000707e00000, 0x0000000707f00000|  0%| F|  |TAMS 0x0000000707e00000, 0x0000000707e00000| Untracked 
|  89|0x0000000707f00000, 0x0000000707f00000, 0x0000000708000000|  0%| F|  |TAMS 0x0000000707f00000, 0x0000000707f00000| Untracked 
|  90|0x0000000708000000, 0x0000000708000000, 0x0000000708100000|  0%| F|  |TAMS 0x0000000708000000, 0x0000000708000000| Untracked 
|  91|0x0000000708100000, 0x0000000708100000, 0x0000000708200000|  0%| F|  |TAMS 0x0000000708100000, 0x0000000708100000| Untracked 
|  92|0x0000000708200000, 0x0000000708200000, 0x0000000708300000|  0%| F|  |TAMS 0x0000000708200000, 0x0000000708200000| Untracked 
|  93|0x0000000708300000, 0x0000000708300000, 0x0000000708400000|  0%| F|  |TAMS 0x0000000708300000, 0x0000000708300000| Untracked 
|  94|0x0000000708400000, 0x0000000708400000, 0x0000000708500000|  0%| F|  |TAMS 0x0000000708400000, 0x0000000708400000| Untracked 
|  95|0x0000000708500000, 0x0000000708500000, 0x0000000708600000|  0%| F|  |TAMS 0x0000000708500000, 0x0000000708500000| Untracked 
|  96|0x0000000708600000, 0x0000000708600000, 0x0000000708700000|  0%| F|  |TAMS 0x0000000708600000, 0x0000000708600000| Untracked 
|  97|0x0000000708700000, 0x0000000708700000, 0x0000000708800000|  0%| F|  |TAMS 0x0000000708700000, 0x0000000708700000| Untracked 
|  98|0x0000000708800000, 0x0000000708800000, 0x0000000708900000|  0%| F|  |TAMS 0x0000000708800000, 0x0000000708800000| Untracked 
|  99|0x0000000708900000, 0x0000000708900000, 0x0000000708a00000|  0%| F|  |TAMS 0x0000000708900000, 0x0000000708900000| Untracked 
| 100|0x0000000708a00000, 0x0000000708a00000, 0x0000000708b00000|  0%| F|  |TAMS 0x0000000708a00000, 0x0000000708a00000| Untracked 
| 101|0x0000000708b00000, 0x0000000708b00000, 0x0000000708c00000|  0%| F|  |TAMS 0x0000000708b00000, 0x0000000708b00000| Untracked 
| 102|0x0000000708c00000, 0x0000000708c00000, 0x0000000708d00000|  0%| F|  |TAMS 0x0000000708c00000, 0x0000000708c00000| Untracked 
| 103|0x0000000708d00000, 0x0000000708d00000, 0x0000000708e00000|  0%| F|  |TAMS 0x0000000708d00000, 0x0000000708d00000| Untracked 
| 104|0x0000000708e00000, 0x0000000708e00000, 0x0000000708f00000|  0%| F|  |TAMS 0x0000000708e00000, 0x0000000708e00000| Untracked 
| 105|0x0000000708f00000, 0x0000000708f00000, 0x0000000709000000|  0%| F|  |TAMS 0x0000000708f00000, 0x0000000708f00000| Untracked 
| 106|0x0000000709000000, 0x0000000709000000, 0x0000000709100000|  0%| F|  |TAMS 0x0000000709000000, 0x0000000709000000| Untracked 
| 107|0x0000000709100000, 0x0000000709100000, 0x0000000709200000|  0%| F|  |TAMS 0x0000000709100000, 0x0000000709100000| Untracked 
| 108|0x0000000709200000, 0x0000000709200000, 0x0000000709300000|  0%| F|  |TAMS 0x0000000709200000, 0x0000000709200000| Untracked 
| 109|0x0000000709300000, 0x0000000709300000, 0x0000000709400000|  0%| F|  |TAMS 0x0000000709300000, 0x0000000709300000| Untracked 
| 110|0x0000000709400000, 0x0000000709400000, 0x0000000709500000|  0%| F|  |TAMS 0x0000000709400000, 0x0000000709400000| Untracked 
| 111|0x0000000709500000, 0x0000000709500000, 0x0000000709600000|  0%| F|  |TAMS 0x0000000709500000, 0x0000000709500000| Untracked 
| 112|0x0000000709600000, 0x0000000709600000, 0x0000000709700000|  0%| F|  |TAMS 0x0000000709600000, 0x0000000709600000| Untracked 
| 113|0x0000000709700000, 0x0000000709700000, 0x0000000709800000|  0%| F|  |TAMS 0x0000000709700000, 0x0000000709700000| Untracked 
| 114|0x0000000709800000, 0x0000000709800000, 0x0000000709900000|  0%| F|  |TAMS 0x0000000709800000, 0x0000000709800000| Untracked 
| 115|0x0000000709900000, 0x0000000709900000, 0x0000000709a00000|  0%| F|  |TAMS 0x0000000709900000, 0x0000000709900000| Untracked 
| 116|0x0000000709a00000, 0x0000000709a00000, 0x0000000709b00000|  0%| F|  |TAMS 0x0000000709a00000, 0x0000000709a00000| Untracked 
| 117|0x0000000709b00000, 0x0000000709b00000, 0x0000000709c00000|  0%| F|  |TAMS 0x0000000709b00000, 0x0000000709b00000| Untracked 
| 118|0x0000000709c00000, 0x0000000709c00000, 0x0000000709d00000|  0%| F|  |TAMS 0x0000000709c00000, 0x0000000709c00000| Untracked 
| 119|0x0000000709d00000, 0x0000000709d00000, 0x0000000709e00000|  0%| F|  |TAMS 0x0000000709d00000, 0x0000000709d00000| Untracked 
| 120|0x0000000709e00000, 0x0000000709e00000, 0x0000000709f00000|  0%| F|  |TAMS 0x0000000709e00000, 0x0000000709e00000| Untracked 
| 121|0x0000000709f00000, 0x0000000709f00000, 0x000000070a000000|  0%| F|  |TAMS 0x0000000709f00000, 0x0000000709f00000| Untracked 
| 122|0x000000070a000000, 0x000000070a000000, 0x000000070a100000|  0%| F|  |TAMS 0x000000070a000000, 0x000000070a000000| Untracked 
| 123|0x000000070a100000, 0x000000070a100000, 0x000000070a200000|  0%| F|  |TAMS 0x000000070a100000, 0x000000070a100000| Untracked 
| 124|0x000000070a200000, 0x000000070a200000, 0x000000070a300000|  0%| F|  |TAMS 0x000000070a200000, 0x000000070a200000| Untracked 
| 125|0x000000070a300000, 0x000000070a300000, 0x000000070a400000|  0%| F|  |TAMS 0x000000070a300000, 0x000000070a300000| Untracked 
| 126|0x000000070a400000, 0x000000070a400000, 0x000000070a500000|  0%| F|  |TAMS 0x000000070a400000, 0x000000070a400000| Untracked 
| 127|0x000000070a500000, 0x000000070a500000, 0x000000070a600000|  0%| F|  |TAMS 0x000000070a500000, 0x000000070a500000| Untracked 
| 128|0x000000070a600000, 0x000000070a600000, 0x000000070a700000|  0%| F|  |TAMS 0x000000070a600000, 0x000000070a600000| Untracked 
| 129|0x000000070a700000, 0x000000070a700000, 0x000000070a800000|  0%| F|  |TAMS 0x000000070a700000, 0x000000070a700000| Untracked 
| 130|0x000000070a800000, 0x000000070a800000, 0x000000070a900000|  0%| F|  |TAMS 0x000000070a800000, 0x000000070a800000| Untracked 
| 131|0x000000070a900000, 0x000000070a900000, 0x000000070aa00000|  0%| F|  |TAMS 0x000000070a900000, 0x000000070a900000| Untracked 
| 132|0x000000070aa00000, 0x000000070aa00000, 0x000000070ab00000|  0%| F|  |TAMS 0x000000070aa00000, 0x000000070aa00000| Untracked 
| 133|0x000000070ab00000, 0x000000070ab00000, 0x000000070ac00000|  0%| F|  |TAMS 0x000000070ab00000, 0x000000070ab00000| Untracked 
| 134|0x000000070ac00000, 0x000000070ac00000, 0x000000070ad00000|  0%| F|  |TAMS 0x000000070ac00000, 0x000000070ac00000| Untracked 
| 135|0x000000070ad00000, 0x000000070ad00000, 0x000000070ae00000|  0%| F|  |TAMS 0x000000070ad00000, 0x000000070ad00000| Untracked 
| 136|0x000000070ae00000, 0x000000070ae00000, 0x000000070af00000|  0%| F|  |TAMS 0x000000070ae00000, 0x000000070ae00000| Untracked 
| 137|0x000000070af00000, 0x000000070af00000, 0x000000070b000000|  0%| F|  |TAMS 0x000000070af00000, 0x000000070af00000| Untracked 
| 138|0x000000070b000000, 0x000000070b000000, 0x000000070b100000|  0%| F|  |TAMS 0x000000070b000000, 0x000000070b000000| Untracked 
| 139|0x000000070b100000, 0x000000070b100000, 0x000000070b200000|  0%| F|  |TAMS 0x000000070b100000, 0x000000070b100000| Untracked 
| 140|0x000000070b200000, 0x000000070b200000, 0x000000070b300000|  0%| F|  |TAMS 0x000000070b200000, 0x000000070b200000| Untracked 
| 141|0x000000070b300000, 0x000000070b300000, 0x000000070b400000|  0%| F|  |TAMS 0x000000070b300000, 0x000000070b300000| Untracked 
| 142|0x000000070b400000, 0x000000070b400000, 0x000000070b500000|  0%| F|  |TAMS 0x000000070b400000, 0x000000070b400000| Untracked 
| 143|0x000000070b500000, 0x000000070b500000, 0x000000070b600000|  0%| F|  |TAMS 0x000000070b500000, 0x000000070b500000| Untracked 
| 144|0x000000070b600000, 0x000000070b600000, 0x000000070b700000|  0%| F|  |TAMS 0x000000070b600000, 0x000000070b600000| Untracked 
| 145|0x000000070b700000, 0x000000070b700000, 0x000000070b800000|  0%| F|  |TAMS 0x000000070b700000, 0x000000070b700000| Untracked 
| 146|0x000000070b800000, 0x000000070b800000, 0x000000070b900000|  0%| F|  |TAMS 0x000000070b800000, 0x000000070b800000| Untracked 
| 147|0x000000070b900000, 0x000000070b900000, 0x000000070ba00000|  0%| F|  |TAMS 0x000000070b900000, 0x000000070b900000| Untracked 
| 148|0x000000070ba00000, 0x000000070ba00000, 0x000000070bb00000|  0%| F|  |TAMS 0x000000070ba00000, 0x000000070ba00000| Untracked 
| 149|0x000000070bb00000, 0x000000070bb00000, 0x000000070bc00000|  0%| F|  |TAMS 0x000000070bb00000, 0x000000070bb00000| Untracked 
| 150|0x000000070bc00000, 0x000000070bc00000, 0x000000070bd00000|  0%| F|  |TAMS 0x000000070bc00000, 0x000000070bc00000| Untracked 
| 151|0x000000070bd00000, 0x000000070bd00000, 0x000000070be00000|  0%| F|  |TAMS 0x000000070bd00000, 0x000000070bd00000| Untracked 
| 152|0x000000070be00000, 0x000000070be00000, 0x000000070bf00000|  0%| F|  |TAMS 0x000000070be00000, 0x000000070be00000| Untracked 
| 153|0x000000070bf00000, 0x000000070bf00000, 0x000000070c000000|  0%| F|  |TAMS 0x000000070bf00000, 0x000000070bf00000| Untracked 
| 154|0x000000070c000000, 0x000000070c000000, 0x000000070c100000|  0%| F|  |TAMS 0x000000070c000000, 0x000000070c000000| Untracked 
| 155|0x000000070c100000, 0x000000070c100000, 0x000000070c200000|  0%| F|  |TAMS 0x000000070c100000, 0x000000070c100000| Untracked 
| 156|0x000000070c200000, 0x000000070c200000, 0x000000070c300000|  0%| F|  |TAMS 0x000000070c200000, 0x000000070c200000| Untracked 
| 157|0x000000070c300000, 0x000000070c300000, 0x000000070c400000|  0%| F|  |TAMS 0x000000070c300000, 0x000000070c300000| Untracked 
| 158|0x000000070c400000, 0x000000070c400000, 0x000000070c500000|  0%| F|  |TAMS 0x000000070c400000, 0x000000070c400000| Untracked 
| 159|0x000000070c500000, 0x000000070c500000, 0x000000070c600000|  0%| F|  |TAMS 0x000000070c500000, 0x000000070c500000| Untracked 
| 160|0x000000070c600000, 0x000000070c600000, 0x000000070c700000|  0%| F|  |TAMS 0x000000070c600000, 0x000000070c600000| Untracked 
| 161|0x000000070c700000, 0x000000070c700000, 0x000000070c800000|  0%| F|  |TAMS 0x000000070c700000, 0x000000070c700000| Untracked 
| 162|0x000000070c800000, 0x000000070c800000, 0x000000070c900000|  0%| F|  |TAMS 0x000000070c800000, 0x000000070c800000| Untracked 
| 163|0x000000070c900000, 0x000000070c900000, 0x000000070ca00000|  0%| F|  |TAMS 0x000000070c900000, 0x000000070c900000| Untracked 
| 164|0x000000070ca00000, 0x000000070ca00000, 0x000000070cb00000|  0%| F|  |TAMS 0x000000070ca00000, 0x000000070ca00000| Untracked 
| 165|0x000000070cb00000, 0x000000070cb00000, 0x000000070cc00000|  0%| F|  |TAMS 0x000000070cb00000, 0x000000070cb00000| Untracked 
| 166|0x000000070cc00000, 0x000000070cc00000, 0x000000070cd00000|  0%| F|  |TAMS 0x000000070cc00000, 0x000000070cc00000| Untracked 
| 167|0x000000070cd00000, 0x000000070cd00000, 0x000000070ce00000|  0%| F|  |TAMS 0x000000070cd00000, 0x000000070cd00000| Untracked 
| 168|0x000000070ce00000, 0x000000070ce00000, 0x000000070cf00000|  0%| F|  |TAMS 0x000000070ce00000, 0x000000070ce00000| Untracked 
| 169|0x000000070cf00000, 0x000000070cf00000, 0x000000070d000000|  0%| F|  |TAMS 0x000000070cf00000, 0x000000070cf00000| Untracked 
| 170|0x000000070d000000, 0x000000070d000000, 0x000000070d100000|  0%| F|  |TAMS 0x000000070d000000, 0x000000070d000000| Untracked 
| 171|0x000000070d100000, 0x000000070d100000, 0x000000070d200000|  0%| F|  |TAMS 0x000000070d100000, 0x000000070d100000| Untracked 
| 172|0x000000070d200000, 0x000000070d200000, 0x000000070d300000|  0%| F|  |TAMS 0x000000070d200000, 0x000000070d200000| Untracked 
| 173|0x000000070d300000, 0x000000070d300000, 0x000000070d400000|  0%| F|  |TAMS 0x000000070d300000, 0x000000070d300000| Untracked 
| 174|0x000000070d400000, 0x000000070d400000, 0x000000070d500000|  0%| F|  |TAMS 0x000000070d400000, 0x000000070d400000| Untracked 
| 175|0x000000070d500000, 0x000000070d500000, 0x000000070d600000|  0%| F|  |TAMS 0x000000070d500000, 0x000000070d500000| Untracked 
| 176|0x000000070d600000, 0x000000070d600000, 0x000000070d700000|  0%| F|  |TAMS 0x000000070d600000, 0x000000070d600000| Untracked 
| 177|0x000000070d700000, 0x000000070d700000, 0x000000070d800000|  0%| F|  |TAMS 0x000000070d700000, 0x000000070d700000| Untracked 
| 178|0x000000070d800000, 0x000000070d800000, 0x000000070d900000|  0%| F|  |TAMS 0x000000070d800000, 0x000000070d800000| Untracked 
| 179|0x000000070d900000, 0x000000070d900000, 0x000000070da00000|  0%| F|  |TAMS 0x000000070d900000, 0x000000070d900000| Untracked 
| 180|0x000000070da00000, 0x000000070da00000, 0x000000070db00000|  0%| F|  |TAMS 0x000000070da00000, 0x000000070da00000| Untracked 
| 181|0x000000070db00000, 0x000000070db00000, 0x000000070dc00000|  0%| F|  |TAMS 0x000000070db00000, 0x000000070db00000| Untracked 
| 182|0x000000070dc00000, 0x000000070dc00000, 0x000000070dd00000|  0%| F|  |TAMS 0x000000070dc00000, 0x000000070dc00000| Untracked 
| 183|0x000000070dd00000, 0x000000070dd00000, 0x000000070de00000|  0%| F|  |TAMS 0x000000070dd00000, 0x000000070dd00000| Untracked 
| 184|0x000000070de00000, 0x000000070de00000, 0x000000070df00000|  0%| F|  |TAMS 0x000000070de00000, 0x000000070de00000| Untracked 
| 185|0x000000070df00000, 0x000000070df00000, 0x000000070e000000|  0%| F|  |TAMS 0x000000070df00000, 0x000000070df00000| Untracked 
| 186|0x000000070e000000, 0x000000070e000000, 0x000000070e100000|  0%| F|  |TAMS 0x000000070e000000, 0x000000070e000000| Untracked 
| 187|0x000000070e100000, 0x000000070e100000, 0x000000070e200000|  0%| F|  |TAMS 0x000000070e100000, 0x000000070e100000| Untracked 
| 188|0x000000070e200000, 0x000000070e200000, 0x000000070e300000|  0%| F|  |TAMS 0x000000070e200000, 0x000000070e200000| Untracked 
| 189|0x000000070e300000, 0x000000070e300000, 0x000000070e400000|  0%| F|  |TAMS 0x000000070e300000, 0x000000070e300000| Untracked 
| 190|0x000000070e400000, 0x000000070e400000, 0x000000070e500000|  0%| F|  |TAMS 0x000000070e400000, 0x000000070e400000| Untracked 
| 191|0x000000070e500000, 0x000000070e500000, 0x000000070e600000|  0%| F|  |TAMS 0x000000070e500000, 0x000000070e500000| Untracked 
| 192|0x000000070e600000, 0x000000070e600000, 0x000000070e700000|  0%| F|  |TAMS 0x000000070e600000, 0x000000070e600000| Untracked 
| 193|0x000000070e700000, 0x000000070e700000, 0x000000070e800000|  0%| F|  |TAMS 0x000000070e700000, 0x000000070e700000| Untracked 
| 194|0x000000070e800000, 0x000000070e800000, 0x000000070e900000|  0%| F|  |TAMS 0x000000070e800000, 0x000000070e800000| Untracked 
| 195|0x000000070e900000, 0x000000070e900000, 0x000000070ea00000|  0%| F|  |TAMS 0x000000070e900000, 0x000000070e900000| Untracked 
| 196|0x000000070ea00000, 0x000000070ea00000, 0x000000070eb00000|  0%| F|  |TAMS 0x000000070ea00000, 0x000000070ea00000| Untracked 
| 197|0x000000070eb00000, 0x000000070eb00000, 0x000000070ec00000|  0%| F|  |TAMS 0x000000070eb00000, 0x000000070eb00000| Untracked 
| 198|0x000000070ec00000, 0x000000070ec00000, 0x000000070ed00000|  0%| F|  |TAMS 0x000000070ec00000, 0x000000070ec00000| Untracked 
| 199|0x000000070ed00000, 0x000000070ed00000, 0x000000070ee00000|  0%| F|  |TAMS 0x000000070ed00000, 0x000000070ed00000| Untracked 
| 200|0x000000070ee00000, 0x000000070ee00000, 0x000000070ef00000|  0%| F|  |TAMS 0x000000070ee00000, 0x000000070ee00000| Untracked 
| 201|0x000000070ef00000, 0x000000070ef00000, 0x000000070f000000|  0%| F|  |TAMS 0x000000070ef00000, 0x000000070ef00000| Untracked 
| 202|0x000000070f000000, 0x000000070f000000, 0x000000070f100000|  0%| F|  |TAMS 0x000000070f000000, 0x000000070f000000| Untracked 
| 203|0x000000070f100000, 0x000000070f100000, 0x000000070f200000|  0%| F|  |TAMS 0x000000070f100000, 0x000000070f100000| Untracked 
| 204|0x000000070f200000, 0x000000070f200000, 0x000000070f300000|  0%| F|  |TAMS 0x000000070f200000, 0x000000070f200000| Untracked 
| 205|0x000000070f300000, 0x000000070f300000, 0x000000070f400000|  0%| F|  |TAMS 0x000000070f300000, 0x000000070f300000| Untracked 
| 206|0x000000070f400000, 0x000000070f400000, 0x000000070f500000|  0%| F|  |TAMS 0x000000070f400000, 0x000000070f400000| Untracked 
| 207|0x000000070f500000, 0x000000070f500000, 0x000000070f600000|  0%| F|  |TAMS 0x000000070f500000, 0x000000070f500000| Untracked 
| 208|0x000000070f600000, 0x000000070f600000, 0x000000070f700000|  0%| F|  |TAMS 0x000000070f600000, 0x000000070f600000| Untracked 
| 209|0x000000070f700000, 0x000000070f700000, 0x000000070f800000|  0%| F|  |TAMS 0x000000070f700000, 0x000000070f700000| Untracked 
| 210|0x000000070f800000, 0x000000070f800000, 0x000000070f900000|  0%| F|  |TAMS 0x000000070f800000, 0x000000070f800000| Untracked 
| 211|0x000000070f900000, 0x000000070f900000, 0x000000070fa00000|  0%| F|  |TAMS 0x000000070f900000, 0x000000070f900000| Untracked 
| 212|0x000000070fa00000, 0x000000070fa00000, 0x000000070fb00000|  0%| F|  |TAMS 0x000000070fa00000, 0x000000070fa00000| Untracked 
| 213|0x000000070fb00000, 0x000000070fb00000, 0x000000070fc00000|  0%| F|  |TAMS 0x000000070fb00000, 0x000000070fb00000| Untracked 
| 214|0x000000070fc00000, 0x000000070fc00000, 0x000000070fd00000|  0%| F|  |TAMS 0x000000070fc00000, 0x000000070fc00000| Untracked 
| 215|0x000000070fd00000, 0x000000070fd00000, 0x000000070fe00000|  0%| F|  |TAMS 0x000000070fd00000, 0x000000070fd00000| Untracked 
| 216|0x000000070fe00000, 0x000000070fe00000, 0x000000070ff00000|  0%| F|  |TAMS 0x000000070fe00000, 0x000000070fe00000| Untracked 
| 217|0x000000070ff00000, 0x000000070ff00000, 0x0000000710000000|  0%| F|  |TAMS 0x000000070ff00000, 0x000000070ff00000| Untracked 
| 218|0x0000000710000000, 0x0000000710000000, 0x0000000710100000|  0%| F|  |TAMS 0x0000000710000000, 0x0000000710000000| Untracked 
| 219|0x0000000710100000, 0x0000000710100000, 0x0000000710200000|  0%| F|  |TAMS 0x0000000710100000, 0x0000000710100000| Untracked 
| 220|0x0000000710200000, 0x0000000710200000, 0x0000000710300000|  0%| F|  |TAMS 0x0000000710200000, 0x0000000710200000| Untracked 
| 221|0x0000000710300000, 0x0000000710300000, 0x0000000710400000|  0%| F|  |TAMS 0x0000000710300000, 0x0000000710300000| Untracked 
| 222|0x0000000710400000, 0x0000000710400000, 0x0000000710500000|  0%| F|  |TAMS 0x0000000710400000, 0x0000000710400000| Untracked 
| 223|0x0000000710500000, 0x0000000710500000, 0x0000000710600000|  0%| F|  |TAMS 0x0000000710500000, 0x0000000710500000| Untracked 
| 224|0x0000000710600000, 0x0000000710600000, 0x0000000710700000|  0%| F|  |TAMS 0x0000000710600000, 0x0000000710600000| Untracked 
| 225|0x0000000710700000, 0x0000000710700000, 0x0000000710800000|  0%| F|  |TAMS 0x0000000710700000, 0x0000000710700000| Untracked 
| 226|0x0000000710800000, 0x0000000710800000, 0x0000000710900000|  0%| F|  |TAMS 0x0000000710800000, 0x0000000710800000| Untracked 
| 227|0x0000000710900000, 0x0000000710900000, 0x0000000710a00000|  0%| F|  |TAMS 0x0000000710900000, 0x0000000710900000| Untracked 
| 228|0x0000000710a00000, 0x0000000710a00000, 0x0000000710b00000|  0%| F|  |TAMS 0x0000000710a00000, 0x0000000710a00000| Untracked 
| 229|0x0000000710b00000, 0x0000000710b00000, 0x0000000710c00000|  0%| F|  |TAMS 0x0000000710b00000, 0x0000000710b00000| Untracked 
| 230|0x0000000710c00000, 0x0000000710c00000, 0x0000000710d00000|  0%| F|  |TAMS 0x0000000710c00000, 0x0000000710c00000| Untracked 
| 231|0x0000000710d00000, 0x0000000710e00000, 0x0000000710e00000|100%| S|CS|TAMS 0x0000000710d00000, 0x0000000710d00000| Complete 
| 232|0x0000000710e00000, 0x0000000710f00000, 0x0000000710f00000|100%| S|CS|TAMS 0x0000000710e00000, 0x0000000710e00000| Complete 
| 233|0x0000000710f00000, 0x0000000711000000, 0x0000000711000000|100%| S|CS|TAMS 0x0000000710f00000, 0x0000000710f00000| Complete 
| 234|0x0000000711000000, 0x0000000711100000, 0x0000000711100000|100%| S|CS|TAMS 0x0000000711000000, 0x0000000711000000| Complete 
| 235|0x0000000711100000, 0x0000000711200000, 0x0000000711200000|100%| S|CS|TAMS 0x0000000711100000, 0x0000000711100000| Complete 
| 236|0x0000000711200000, 0x0000000711300000, 0x0000000711300000|100%| S|CS|TAMS 0x0000000711200000, 0x0000000711200000| Complete 
| 237|0x0000000711300000, 0x0000000711300000, 0x0000000711400000|  0%| F|  |TAMS 0x0000000711300000, 0x0000000711300000| Untracked 
| 238|0x0000000711400000, 0x0000000711400000, 0x0000000711500000|  0%| F|  |TAMS 0x0000000711400000, 0x0000000711400000| Untracked 
| 239|0x0000000711500000, 0x0000000711500000, 0x0000000711600000|  0%| F|  |TAMS 0x0000000711500000, 0x0000000711500000| Untracked 
| 240|0x0000000711600000, 0x0000000711600000, 0x0000000711700000|  0%| F|  |TAMS 0x0000000711600000, 0x0000000711600000| Untracked 
| 241|0x0000000711700000, 0x0000000711700000, 0x0000000711800000|  0%| F|  |TAMS 0x0000000711700000, 0x0000000711700000| Untracked 
| 242|0x0000000711800000, 0x0000000711800000, 0x0000000711900000|  0%| F|  |TAMS 0x0000000711800000, 0x0000000711800000| Untracked 
| 243|0x0000000711900000, 0x0000000711900000, 0x0000000711a00000|  0%| F|  |TAMS 0x0000000711900000, 0x0000000711900000| Untracked 
| 244|0x0000000711a00000, 0x0000000711a00000, 0x0000000711b00000|  0%| F|  |TAMS 0x0000000711a00000, 0x0000000711a00000| Untracked 
| 245|0x0000000711b00000, 0x0000000711b00000, 0x0000000711c00000|  0%| F|  |TAMS 0x0000000711b00000, 0x0000000711b00000| Untracked 
| 246|0x0000000711c00000, 0x0000000711c773e8, 0x0000000711d00000| 46%| E|  |TAMS 0x0000000711c00000, 0x0000000711c00000| Complete 
| 247|0x0000000711d00000, 0x0000000711e00000, 0x0000000711e00000|100%| E|CS|TAMS 0x0000000711d00000, 0x0000000711d00000| Complete 
| 248|0x0000000711e00000, 0x0000000711f00000, 0x0000000711f00000|100%| E|CS|TAMS 0x0000000711e00000, 0x0000000711e00000| Complete 
| 249|0x0000000711f00000, 0x0000000712000000, 0x0000000712000000|100%| E|CS|TAMS 0x0000000711f00000, 0x0000000711f00000| Complete 
| 250|0x0000000712000000, 0x0000000712100000, 0x0000000712100000|100%| E|CS|TAMS 0x0000000712000000, 0x0000000712000000| Complete 
| 251|0x0000000712100000, 0x0000000712200000, 0x0000000712200000|100%| E|CS|TAMS 0x0000000712100000, 0x0000000712100000| Complete 
| 252|0x0000000712200000, 0x0000000712300000, 0x0000000712300000|100%| E|CS|TAMS 0x0000000712200000, 0x0000000712200000| Complete 
| 253|0x0000000712300000, 0x0000000712400000, 0x0000000712400000|100%| E|CS|TAMS 0x0000000712300000, 0x0000000712300000| Complete 

Card table byte_map: [0x000001bcf4dc0000,0x000001bcf55b0000] _byte_map_base: 0x000001bcf15ad000

Marking Bits (Prev, Next): (CMBitMap*) 0x000001bcddc81c10, (CMBitMap*) 0x000001bcddc81bd8
 Prev Bits: [0x000001bcf9d10000, 0x000001bcfdc78000)
 Next Bits: [0x000001bcf5da0000, 0x000001bcf9d08000)

Polling page: 0x000001bcdb860000

Metaspace:

Usage:
  Non-class:     20.64 MB capacity,    20.25 MB ( 98%) used,   319.71 KB (  2%) free+waste,    81.63 KB ( <1%) overhead. 
      Class:      2.75 MB capacity,     2.44 MB ( 88%) used,   283.66 KB ( 10%) free+waste,    41.06 KB (  1%) overhead. 
       Both:     23.39 MB capacity,    22.68 MB ( 97%) used,   603.38 KB (  3%) free+waste,   122.69 KB ( <1%) overhead. 

Virtual space:
  Non-class space:       22.00 MB reserved,      20.67 MB ( 94%) committed 
      Class space:        1.00 GB reserved,       2.88 MB ( <1%) committed 
             Both:        1.02 GB reserved,      23.55 MB (  2%) committed 

Chunk freelists:
   Non-Class:  4.38 KB
       Class:  3.63 KB
        Both:  8.00 KB

CodeHeap 'non-profiled nmethods': size=120000Kb used=801Kb max_used=801Kb free=119198Kb
 bounds [0x000001bcecd70000, 0x000001bcecfe0000, 0x000001bcf42a0000]
CodeHeap 'profiled nmethods': size=120000Kb used=4068Kb max_used=4068Kb free=115931Kb
 bounds [0x000001bce5840000, 0x000001bce5c40000, 0x000001bcecd70000]
CodeHeap 'non-nmethods': size=5760Kb used=1275Kb max_used=1291Kb free=4485Kb
 bounds [0x000001bce52a0000, 0x000001bce5510000, 0x000001bce5840000]
 total_blobs=2522 nmethods=1988 adapters=453
 compilation: enabled
              stopped_count=0, restarted_count=0
 full_count=0

Compilation events (10 events):
Event: 2.585 Thread 0x000001bc811c8000 nmethod 1984 0x000001bce5c38190 code [0x000001bce5c38320, 0x000001bce5c38478]
Event: 2.585 Thread 0x000001bc811c8000 1985       3       sun.util.locale.BaseLocale::equals (71 bytes)
Event: 2.586 Thread 0x000001bc811c8000 nmethod 1985 0x000001bce5c38510 code [0x000001bce5c386c0, 0x000001bce5c38b98]
Event: 2.586 Thread 0x000001bc811c8000 1986       3       java.util.Locale::stripExtensions (20 bytes)
Event: 2.586 Thread 0x000001bc811c8000 nmethod 1986 0x000001bce5c38c90 code [0x000001bce5c38e40, 0x000001bce5c390a8]
Event: 2.586 Thread 0x000001bc811c8000 1987       1       java.util.concurrent.CopyOnWriteArrayList::getArray (5 bytes)
Event: 2.586 Thread 0x000001bc811c8000 nmethod 1987 0x000001bcece37090 code [0x000001bcece37220, 0x000001bcece372d8]
Event: 2.586 Thread 0x000001bc811bd000 nmethod 1981 0x000001bcece37390 code [0x000001bcece37540, 0x000001bcece37a18]
Event: 316.602 Thread 0x000001bc811bd000 1988       4       java.util.regex.Pattern$BmpCharProperty::match (55 bytes)
Event: 316.604 Thread 0x000001bc811bd000 nmethod 1988 0x000001bcece37e10 code [0x000001bcece37fc0, 0x000001bcece383a8]

GC Heap History (4 events):
Event: 1.828 GC heap before
{Heap before GC invocations=0 (full 0):
 garbage-first heap   total 260096K, used 23552K [0x0000000702600000, 0x0000000800000000)
  region size 1024K, 24 young (24576K), 0 survivors (0K)
 Metaspace       used 14613K, capacity 15177K, committed 15360K, reserved 1062912K
  class space    used 1503K, capacity 1713K, committed 1792K, reserved 1048576K
}
Event: 1.837 GC heap after
{Heap after GC invocations=1 (full 0):
 garbage-first heap   total 260096K, used 3508K [0x0000000702600000, 0x0000000800000000)
  region size 1024K, 3 young (3072K), 3 survivors (3072K)
 Metaspace       used 14613K, capacity 15177K, committed 15360K, reserved 1062912K
  class space    used 1503K, capacity 1713K, committed 1792K, reserved 1048576K
}
Event: 2.264 GC heap before
{Heap before GC invocations=1 (full 0):
 garbage-first heap   total 260096K, used 19892K [0x0000000702600000, 0x0000000800000000)
  region size 1024K, 20 young (20480K), 3 survivors (3072K)
 Metaspace       used 20457K, capacity 21135K, committed 21296K, reserved 1069056K
  class space    used 2139K, capacity 2412K, committed 2432K, reserved 1048576K
}
Event: 2.270 GC heap after
{Heap after GC invocations=2 (full 0):
 garbage-first heap   total 260096K, used 6580K [0x0000000702600000, 0x0000000800000000)
  region size 1024K, 6 young (6144K), 6 survivors (6144K)
 Metaspace       used 20457K, capacity 21135K, committed 21296K, reserved 1069056K
  class space    used 2139K, capacity 2412K, committed 2432K, reserved 1048576K
}

Deoptimization events (10 events):
Event: 2.242 Thread 0x000001bcddc1f800 Uncommon trap: reason=intrinsic_or_type_checked_inlining action=make_not_entrant pc=0x000001bcecde91d4 method=java.util.Arrays.copyOf([Ljava/lang/Object;ILjava/lang/Class;)[Ljava/lang/Object; @ 35 c2
Event: 2.254 Thread 0x000001bcddc1f800 Uncommon trap: reason=unstable_if action=reinterpret pc=0x000001bcece10d10 method=java.util.HashMap.putVal(ILjava/lang/Object;Ljava/lang/Object;ZZ)Ljava/lang/Object; @ 162 c2
Event: 2.288 Thread 0x000001bcddc1f800 Uncommon trap: reason=unstable_if action=reinterpret pc=0x000001bcecde6988 method=java.lang.ref.ReferenceQueue.poll()Ljava/lang/ref/Reference; @ 4 c2
Event: 2.333 Thread 0x000001bcddc1f800 Uncommon trap: reason=bimorphic_or_optimized_type_check action=maybe_recompile pc=0x000001bcece274ac method=java.util.regex.Pattern$SliceI.match(Ljava/util/regex/Matcher;ILjava/lang/CharSequence;)Z @ 92 c2
Event: 2.333 Thread 0x000001bcddc1f800 Uncommon trap: reason=bimorphic_or_optimized_type_check action=maybe_recompile pc=0x000001bcece274ac method=java.util.regex.Pattern$SliceI.match(Ljava/util/regex/Matcher;ILjava/lang/CharSequence;)Z @ 92 c2
Event: 2.333 Thread 0x000001bcddc1f800 Uncommon trap: reason=bimorphic_or_optimized_type_check action=maybe_recompile pc=0x000001bcece274ac method=java.util.regex.Pattern$SliceI.match(Ljava/util/regex/Matcher;ILjava/lang/CharSequence;)Z @ 92 c2
Event: 2.333 Thread 0x000001bcddc1f800 Uncommon trap: reason=class_check action=maybe_recompile pc=0x000001bcece15394 method=java.util.regex.Pattern$BmpCharProperty.match(Ljava/util/regex/Matcher;ILjava/lang/CharSequence;)Z @ 19 c2
Event: 2.333 Thread 0x000001bcddc1f800 Uncommon trap: reason=class_check action=maybe_recompile pc=0x000001bcece15394 method=java.util.regex.Pattern$BmpCharProperty.match(Ljava/util/regex/Matcher;ILjava/lang/CharSequence;)Z @ 19 c2
Event: 2.333 Thread 0x000001bcddc1f800 Uncommon trap: reason=class_check action=maybe_recompile pc=0x000001bcece15394 method=java.util.regex.Pattern$BmpCharProperty.match(Ljava/util/regex/Matcher;ILjava/lang/CharSequence;)Z @ 19 c2
Event: 2.333 Thread 0x000001bcddc1f800 Uncommon trap: reason=class_check action=maybe_recompile pc=0x000001bcece15394 method=java.util.regex.Pattern$BmpCharProperty.match(Ljava/util/regex/Matcher;ILjava/lang/CharSequence;)Z @ 19 c2

Classes redefined (2 events):
Event: 66.848 Thread 0x000001bc80417000 redefined class name=testClass.MySql_CrimeReportTable, count=1
Event: 222.440 Thread 0x000001bc80417000 redefined class name=testClass.MySql_CrimeReportTable, count=2

Internal exceptions (10 events):
Event: 1.934 Thread 0x000001bcddc1f800 Exception <a 'java/lang/NoSuchMethodError'{0x000000071204caa8}: java.lang.invoke.DirectMethodHandle$Holder.invokeSpecial(Ljava/lang/Object;Ljava/lang/Object;Ljava/lang/Object;Ljava/lang/Object;)V> (0x000000071204caa8) thrown at [./open/src/hotspot/share/i
Event: 1.935 Thread 0x000001bcddc1f800 Exception <a 'java/lang/NoSuchMethodError'{0x0000000712053280}: java.lang.invoke.DirectMethodHandle$Holder.invokeVirtual(Ljava/lang/Object;Ljava/lang/Object;Ljava/lang/Object;)Ljava/lang/Object;> (0x0000000712053280) thrown at [./open/src/hotspot/share/in
Event: 2.141 Thread 0x000001bcddc1f800 Exception <a 'java/lang/NoSuchMethodError'{0x000000071172f968}: java.lang.invoke.DirectMethodHandle$Holder.invokeStaticInit(Ljava/lang/Object;Ljava/lang/Object;)V> (0x000000071172f968) thrown at [./open/src/hotspot/share/interpreter/linkResolver.cpp, line
Event: 2.199 Thread 0x000001bcddc1f800 Exception <a 'sun/nio/fs/WindowsException'{0x000000071154eea8}> (0x000000071154eea8) thrown at [./open/src/hotspot/share/prims/jni.cpp, line 611]
Event: 2.210 Thread 0x000001bcddc1f800 Exception <a 'java/lang/NoSuchMethodError'{0x0000000711597e68}: java.lang.invoke.DirectMethodHandle$Holder.invokeStaticInit(Ljava/lang/Object;Ljava/lang/Object;Ljava/lang/Object;Ljava/lang/Object;)I> (0x0000000711597e68) thrown at [./open/src/hotspot/shar
Event: 2.382 Thread 0x000001bcddc1f800 Exception <a 'java/lang/NoSuchMethodError'{0x0000000711f29e40}: java.lang.invoke.DirectMethodHandle$Holder.invokeSpecial(Ljava/lang/Object;Ljava/lang/Object;IILjava/lang/Object;ILjava/lang/Object;Ljava/lang/Object;)Ljava/lang/Object;> (0x0000000711f29e40)
Event: 2.382 Thread 0x000001bcddc1f800 Exception <a 'java/lang/NoSuchMethodError'{0x0000000711f2d470}: java.lang.invoke.DelegatingMethodHandle$Holder.reinvoke_L(Ljava/lang/Object;IILjava/lang/Object;ILjava/lang/Object;Ljava/lang/Object;)Ljava/lang/Object;> (0x0000000711f2d470) thrown at [./ope
Event: 2.385 Thread 0x000001bcddc1f800 Exception <a 'java/lang/NoSuchMethodError'{0x0000000711f77948}: java.lang.invoke.DirectMethodHandle$Holder.invokeStatic(Ljava/lang/Object;Ljava/lang/Object;Ljava/lang/Object;Ljava/lang/Object;Ljava/lang/Object;Ljava/lang/Object;Ljava/lang/Object;Ljava/lan
Event: 2.387 Thread 0x000001bcddc1f800 Exception <a 'java/lang/NoSuchMethodError'{0x0000000711f99028}: java.lang.invoke.DirectMethodHandle$Holder.invokeStatic(Ljava/lang/Object;Ljava/lang/Object;Ljava/lang/Object;Ljava/lang/Object;Ljava/lang/Object;Ljava/lang/Object;Ljava/lang/Object;Ljava/lan
Event: 2.400 Thread 0x000001bcddc1f800 Exception <a 'java/lang/NoSuchMethodError'{0x0000000711e2fd28}: java.lang.invoke.DirectMethodHandle$Holder.invokeInterface(Ljava/lang/Object;Ljava/lang/Object;)V> (0x0000000711e2fd28) thrown at [./open/src/hotspot/share/interpreter/linkResolver.cpp, line 

Events (10 events):
Event: 362.234 Executing VM operation: GetFrameCount done
Event: 362.235 Executing VM operation: GetStackTrace
Event: 362.235 Executing VM operation: GetStackTrace done
Event: 398.261 Executing VM operation: ChangeBreakpoints
Event: 398.262 Executing VM operation: ChangeBreakpoints done
Event: 398.263 Executing VM operation: ChangeBreakpoints
Event: 398.263 Executing VM operation: ChangeBreakpoints done
Event: 439.740 Executing VM operation: GetFrameLocation
Event: 439.740 Executing VM operation: GetFrameLocation done
Event: 439.740 Executing VM operation: GetOrSetLocal


Dynamic libraries:
0x00007ff66dd30000 - 0x00007ff66dd3f000 	C:\Program Files\Java\jdk-11.0.17\bin\java.exe
0x00007ff96a670000 - 0x00007ff96a887000 	C:\WINDOWS\SYSTEM32\ntdll.dll
0x00007ff9686a0000 - 0x00007ff968764000 	C:\WINDOWS\System32\KERNEL32.DLL
0x00007ff967d50000 - 0x00007ff9680f6000 	C:\WINDOWS\System32\KERNELBASE.dll
0x00007ff967b20000 - 0x00007ff967c31000 	C:\WINDOWS\System32\ucrtbase.dll
0x00007ff941680000 - 0x00007ff941695000 	C:\Program Files\Java\jdk-11.0.17\bin\VCRUNTIME140.dll
0x00007ff9424d0000 - 0x00007ff9424e8000 	C:\Program Files\Java\jdk-11.0.17\bin\jli.dll
0x00007ff968890000 - 0x00007ff968943000 	C:\WINDOWS\System32\ADVAPI32.dll
0x00007ff9699b0000 - 0x00007ff969a57000 	C:\WINDOWS\System32\msvcrt.dll
0x00007ff9687e0000 - 0x00007ff968888000 	C:\WINDOWS\System32\sechost.dll
0x00007ff968390000 - 0x00007ff9683b8000 	C:\WINDOWS\System32\bcrypt.dll
0x00007ff96a160000 - 0x00007ff96a277000 	C:\WINDOWS\System32\RPCRT4.dll
0x00007ff96a460000 - 0x00007ff96a60e000 	C:\WINDOWS\System32\USER32.dll
0x00007ff9682e0000 - 0x00007ff968306000 	C:\WINDOWS\System32\win32u.dll
0x00007ff962020000 - 0x00007ff9622b3000 	C:\WINDOWS\WinSxS\amd64_microsoft.windows.common-controls_6595b64144ccf1df_6.0.22621.2506_none_270c5ae97388e100\COMCTL32.dll
0x00007ff96a280000 - 0x00007ff96a2a9000 	C:\WINDOWS\System32\GDI32.dll
0x00007ff9681c0000 - 0x00007ff9682d8000 	C:\WINDOWS\System32\gdi32full.dll
0x00007ff967c40000 - 0x00007ff967cda000 	C:\WINDOWS\System32\msvcp_win.dll
0x00007ff957790000 - 0x00007ff95779a000 	C:\WINDOWS\SYSTEM32\VERSION.dll
0x00007ff969960000 - 0x00007ff969991000 	C:\WINDOWS\System32\IMM32.DLL
0x00007ff8fb950000 - 0x00007ff8fba01000 	C:\Program Files\McAfee\Endpoint Security\Threat Prevention\Ips\EpMPApi.dll
0x00007ff967ce0000 - 0x00007ff967d4b000 	C:\WINDOWS\System32\WINTRUST.dll
0x00007ff9679b0000 - 0x00007ff967b16000 	C:\WINDOWS\System32\CRYPT32.dll
0x00007ff967560000 - 0x00007ff967572000 	C:\WINDOWS\SYSTEM32\MSASN1.dll
0x0000000057bd0000 - 0x0000000057bdc000 	C:\Program Files\McAfee\Endpoint Security\Threat Prevention\Ips\EpMPThe.dll
0x00007ff92cb20000 - 0x00007ff92cb7b000 	C:\Program Files\McAfee\Endpoint Security\Threat Prevention\Ips\HIPHandlers64.dll
0x00007ff968c30000 - 0x00007ff96948a000 	C:\WINDOWS\System32\SHELL32.dll
0x00007ff968590000 - 0x00007ff9685ee000 	C:\WINDOWS\System32\SHLWAPI.dll
0x00007ff95c950000 - 0x00007ff95cb83000 	C:\WINDOWS\SYSTEM32\dbghelp.dll
0x00007ff969da0000 - 0x00007ff96a129000 	C:\WINDOWS\System32\combase.dll
0x00007ff968b50000 - 0x00007ff968c27000 	C:\WINDOWS\System32\OLEAUT32.dll
0x00007ff9415b0000 - 0x00007ff94164b000 	C:\Program Files\Java\jdk-11.0.17\bin\msvcp140.dll
0x00007ff940a90000 - 0x00007ff9415aa000 	C:\Program Files\Java\jdk-11.0.17\bin\server\jvm.dll
0x00007ff969c00000 - 0x00007ff969c08000 	C:\WINDOWS\System32\PSAPI.DLL
0x00007ff95f5f0000 - 0x00007ff95f624000 	C:\WINDOWS\SYSTEM32\WINMM.dll
0x00007ff945d70000 - 0x00007ff945d79000 	C:\WINDOWS\SYSTEM32\WSOCK32.dll
0x00007ff968ad0000 - 0x00007ff968b41000 	C:\WINDOWS\System32\WS2_32.dll
0x00007ff9669a0000 - 0x00007ff9669b8000 	C:\WINDOWS\SYSTEM32\kernel.appcore.dll
0x00007ff9424c0000 - 0x00007ff9424d0000 	C:\Program Files\Java\jdk-11.0.17\bin\verify.dll
0x00007ff948310000 - 0x00007ff948342000 	C:\WINDOWS\SYSTEM32\dbgcore.DLL
0x00007ff968310000 - 0x00007ff96838a000 	C:\WINDOWS\System32\bcryptPrimitives.dll
0x00007ff940a60000 - 0x00007ff940a88000 	C:\Program Files\Java\jdk-11.0.17\bin\java.dll
0x00007ff940a50000 - 0x00007ff940a5a000 	C:\Program Files\Java\jdk-11.0.17\bin\jimage.dll
0x00007ff907e30000 - 0x00007ff907e68000 	C:\Program Files\Java\jdk-11.0.17\bin\jdwp.dll
0x00007ff931580000 - 0x00007ff93158e000 	C:\Program Files\Java\jdk-11.0.17\bin\instrument.dll
0x00007ff9409e0000 - 0x00007ff9409f6000 	C:\Program Files\Java\jdk-11.0.17\bin\zip.dll
0x00007ff9658b0000 - 0x00007ff9661a6000 	C:\WINDOWS\SYSTEM32\windows.storage.dll
0x00007ff965770000 - 0x00007ff9658ae000 	C:\WINDOWS\SYSTEM32\wintypes.dll
0x00007ff969c10000 - 0x00007ff969d03000 	C:\WINDOWS\System32\SHCORE.dll
0x00007ff9678e0000 - 0x00007ff967906000 	C:\WINDOWS\SYSTEM32\profapi.dll
0x00007ff930370000 - 0x00007ff93037a000 	C:\Program Files\Java\jdk-11.0.17\bin\dt_socket.dll
0x00007ff966e10000 - 0x00007ff966e79000 	C:\WINDOWS\system32\mswsock.dll
0x00007ff940700000 - 0x00007ff940719000 	C:\Program Files\Java\jdk-11.0.17\bin\net.dll
0x00007ff961db0000 - 0x00007ff961ee7000 	C:\WINDOWS\SYSTEM32\WINHTTP.dll
0x00007ff9406e0000 - 0x00007ff9406f2000 	C:\Program Files\Java\jdk-11.0.17\bin\nio.dll
0x00007ff967160000 - 0x00007ff96717b000 	C:\WINDOWS\SYSTEM32\CRYPTSP.dll
0x00007ff966900000 - 0x00007ff966935000 	C:\WINDOWS\system32\rsaenh.dll
0x00007ff966eb0000 - 0x00007ff966edc000 	C:\WINDOWS\SYSTEM32\USERENV.dll
0x00007ff967140000 - 0x00007ff96714c000 	C:\WINDOWS\SYSTEM32\CRYPTBASE.dll
0x00007ff966410000 - 0x00007ff96643d000 	C:\WINDOWS\SYSTEM32\IPHLPAPI.DLL
0x00007ff9699a0000 - 0x00007ff9699a9000 	C:\WINDOWS\System32\NSI.dll
0x00007ff961920000 - 0x00007ff961939000 	C:\WINDOWS\SYSTEM32\dhcpcsvc6.DLL
0x00007ff961900000 - 0x00007ff96191f000 	C:\WINDOWS\SYSTEM32\dhcpcsvc.DLL
0x00007ff966480000 - 0x00007ff966579000 	C:\WINDOWS\SYSTEM32\DNSAPI.dll
0x00007ff95cf00000 - 0x00007ff95cf0a000 	C:\Windows\System32\rasadhlp.dll
0x00007ff95f820000 - 0x00007ff95f8a3000 	C:\WINDOWS\System32\fwpuclnt.dll
0x00007ff9504f0000 - 0x00007ff950515000 	C:\Program Files\Java\jdk-11.0.17\bin\sunec.dll
0x00007ff950560000 - 0x00007ff95056d000 	C:\Program Files\Java\jdk-11.0.17\bin\sunmscapi.dll
0x00007ff967250000 - 0x00007ff96727e000 	C:\WINDOWS\SYSTEM32\ncrypt.dll
0x00007ff967210000 - 0x00007ff967247000 	C:\WINDOWS\SYSTEM32\NTASN1.dll

dbghelp: loaded successfully - version: 4.0.5 - missing functions: none
symbol engine: initialized successfully - sym options: 0x614 - pdb path: .;C:\Program Files\Java\jdk-11.0.17\bin;C:\WINDOWS\SYSTEM32;C:\WINDOWS\WinSxS\amd64_microsoft.windows.common-controls_6595b64144ccf1df_6.0.22621.2506_none_270c5ae97388e100;C:\Program Files\McAfee\Endpoint Security\Threat Prevention\Ips;C:\Program Files\Java\jdk-11.0.17\bin\server

VM Arguments:
jvm_args: -agentlib:jdwp=transport=dt_socket,address=127.0.0.1:57184,suspend=y,server=n -ea -Didea.test.cyclic.buffer.size=1048576 -javaagent:C:\Users\SAURAV~1\AppData\Local\Temp\captureAgentjars\debugger-agent.jar -Dfile.encoding=UTF-8 
java_command: com.intellij.rt.testng.RemoteTestNGStarter -usedefaultlisteners false -socket57183 @w@C:\Users\SAURAV~1\AppData\Local\Temp\idea_working_dirs_testng.tmp -temp C:\Users\SAURAV~1\AppData\Local\Temp\idea_testng.tmp
java_class_path (initial): C:\Program Files\JetBrains\IntelliJ IDEA Community Edition 2023.1.4\lib\idea_rt.jar;C:\Program Files\JetBrains\IntelliJ IDEA Community Edition 2023.1.4\plugins\testng\lib\testng-rt.jar;C:\Users\Saurav Sagar\Desktop\DataTesting\target\classes;C:\Users\Saurav Sagar\.m2\repository\org\testng\testng\7.7.1\testng-7.7.1.jar;C:\Users\Saurav Sagar\.m2\repository\org\slf4j\slf4j-api\1.7.36\slf4j-api-1.7.36.jar;C:\Users\Saurav Sagar\.m2\repository\com\beust\jcommander\1.82\jcommander-1.82.jar;C:\Users\Saurav Sagar\.m2\repository\org\webjars\jquery\3.6.1\jquery-3.6.1.jar;C:\Users\Saurav Sagar\.m2\repository\com\mysql\mysql-connector-j\8.0.33\mysql-connector-j-8.0.33.jar;C:\Users\Saurav Sagar\.m2\repository\com\google\protobuf\protobuf-java\3.21.9\protobuf-java-3.21.9.jar;C:\Users\Saurav Sagar\.m2\repository\org\apache\poi\poi\5.2.5\poi-5.2.5.jar;C:\Users\Saurav Sagar\.m2\repository\commons-codec\commons-codec\1.16.0\commons-codec-1.16.0.jar;C:\Users\Saurav Sagar\.m2\repository\org\apache\commons\commons-collections4\4.4\commons-collections4-4.4.jar;C:\Users\Saurav Sagar\.m2\repository\org\apache\commons\commons-math3\3.6.1\commons-math3-3.6.1.jar;C:\Users\Saurav Sagar\.m2\repository\commons-io\commons-io\2.15.0\commons-io-2.15.0.jar;C:\Users\Saurav Sagar\.m2\repository\com\zaxxer\SparseBitSet\1.3\SparseBitSet-1.3.jar;C:\Users\Saurav Sagar\.m2\repository\org\apache\logging\log4j\log4j-api\2.20.0\log4j-api-2.20.0.jar
Launcher Type: SUN_STANDARD

[Global flags]
     intx CICompilerCount                          = 4                                         {product} {ergonomic}
     uint ConcGCThreads                            = 2                                         {product} {ergonomic}
     uint G1ConcRefinementThreads                  = 8                                         {product} {ergonomic}
   size_t G1HeapRegionSize                         = 1048576                                   {product} {ergonomic}
    uintx GCDrainStackTargetSize                   = 64                                        {product} {ergonomic}
   size_t InitialHeapSize                          = 266338304                                 {product} {ergonomic}
   size_t MarkStackSize                            = 4194304                                   {product} {ergonomic}
   size_t MaxHeapSize                              = 4255121408                                {product} {ergonomic}
   size_t MaxNewSize                               = 2552233984                                {product} {ergonomic}
   size_t MinHeapDeltaBytes                        = 1048576                                   {product} {ergonomic}
    uintx NonNMethodCodeHeapSize                   = 5836300                                {pd product} {ergonomic}
    uintx NonProfiledCodeHeapSize                  = 122910970                              {pd product} {ergonomic}
    uintx ProfiledCodeHeapSize                     = 122910970                              {pd product} {ergonomic}
    uintx ReservedCodeCacheSize                    = 251658240                              {pd product} {ergonomic}
     bool SegmentedCodeCache                       = true                                      {product} {ergonomic}
     bool UseCompressedClassPointers               = true                                 {lp64_product} {ergonomic}
     bool UseCompressedOops                        = true                                 {lp64_product} {ergonomic}
     bool UseG1GC                                  = true                                      {product} {ergonomic}
     bool UseLargePagesIndividualAllocation        = false                                  {pd product} {ergonomic}

Logging:
Log output configuration:
 #0: stdout all=warning uptime,level,tags
 #1: stderr all=off uptime,level,tags

Environment Variables:
PATH=C:\Program Files\Common Files\Oracle\Java\javapath;C:\Program Files (x86)\Common Files\Oracle\Java\javapath;C:\WINDOWS\system32;C:\WINDOWS;C:\WINDOWS\System32\Wbem;C:\WINDOWS\System32\WindowsPowerShell\v1.0\;C:\WINDOWS\System32\OpenSSH\;C:\Program Files\Git\cmd;C:\Program Files\PuTTY\;C:\Program Files\Java\jdk-11.0.17\bin;C:\Program Files\nodejs\;C:\Program Files\Snowflake SnowSQL\;C:\Program Files\Microsoft SQL Server\150\Tools\Binn\;C:\Program Files\Microsoft SQL Server\Client SDK\ODBC\170\Tools\Binn\;C:\Program Files\dotnet\;C:\Users\Saurav Sagar\Downloads\apache-maven-3.9.4\bin;C:\Users\Saurav Sagar\AppData\Local\Programs\Python\Python311\Scripts\;C:\Users\Saurav Sagar\AppData\Local\Programs\Python\Python311\;C:\Program Files\MySQL\MySQL Shell 8.0\bin\;C:\Users\Saurav Sagar\AppData\Local\Microsoft\WindowsApps;C:\Users\Saurav Sagar\AppData\Local\Programs\Microsoft VS Code\bin;C:\Users\Saurav Sagar\AppData\Roaming\npm;C:\Program Files\Java\jdk-11.0.17\bin;;C:\Program Files\JetBrains\IntelliJ IDEA Community Edition 2023.1.4\bin;;C:\Users\Saurav Sagar\.dotnet\tools;C:\Program Files\JetBrains\PyCharm Community Edition 2023.2.5\bin;
USERNAME=Saurav Sagar
OS=Windows_NT
PROCESSOR_IDENTIFIER=Intel64 Family 6 Model 142 Stepping 12, GenuineIntel



---------------  S Y S T E M  ---------------

OS: Windows 11 , 64 bit Build 22621 (10.0.22621.2506)
Hyper-V role detected

CPU:total 8 (initial active 8) (4 cores per cpu, 2 threads per core) family 6 model 142 stepping 12 microcode 0xde, cmov, cx8, fxsr, mmx, sse, sse2, sse3, ssse3, sse4.1, sse4.2, popcnt, avx, avx2, aes, clmul, erms, 3dnowpref, lzcnt, ht, tsc, tscinvbit, bmi1, bmi2, adx, fma

Memory: 4k page, system-wide physical 16226M (2116M free)
TotalPageFile size 31074M (AvailPageFile size 10074M)
current process WorkingSet (physical memory assigned to process): 103M, peak: 117M
current process commit charge ("private bytes"): 370M, peak: 382M

vm_info: Java HotSpot(TM) 64-Bit Server VM (11.0.17+10-LTS-269) for windows-amd64 JRE (11.0.17+10-LTS-269), built on Sep 13 2022 19:26:37 by "mach5one" with MS VC++ 15.9 (VS2017)

END.
