#
# A fatal error has been detected by the Java Runtime Environment:
#
#  EXCEPTION_ACCESS_VIOLATION (0xc0000005) at pc=0x00007ff940cc6ba3, pid=53228, tid=46768
#
# JRE version: Java(TM) SE Runtime Environment 18.9 (11.0.17+10) (build 11.0.17+10-LTS-269)
# Java VM: Java HotSpot(TM) 64-Bit Server VM 18.9 (11.0.17+10-LTS-269, mixed mode, tiered, compressed oops, g1 gc, windows-amd64)
# Problematic frame:
# V  [jvm.dll+0x236ba3]
#
# No core dump will be written. Minidumps are not enabled by default on client versions of Windows
#
# If you would like to submit a bug report, please visit:
#   https://bugreport.java.com/bugreport/crash.jsp
#

---------------  S U M M A R Y ------------

Command Line: -agentlib:jdwp=transport=dt_socket,address=127.0.0.1:50991,suspend=y,server=n -ea -Didea.test.cyclic.buffer.size=1048576 -javaagent:C:\Users\SAURAV~1\AppData\Local\Temp\captureAgent9jars\debugger-agent.jar -Dfile.encoding=UTF-8 com.intellij.rt.testng.RemoteTestNGStarter -usedefaultlisteners false -socket50990 @w@C:\Users\SAURAV~1\AppData\Local\Temp\idea_working_dirs_testng2.tmp -temp C:\Users\SAURAV~1\AppData\Local\Temp\idea_testng2.tmp

Host: Intel(R) Core(TM) i7-8565U CPU @ 1.80GHz, 8 cores, 15G,  Windows 11 , 64 bit Build 22621 (10.0.22621.2506)
Time: Fri Feb 23 14:42:35 2024 India Standard Time elapsed time: 15082.801293 seconds (0d 4h 11m 22s)

---------------  T H R E A D  ---------------

Current thread (0x00000215e421d000):  VMThread "VM Thread" [stack: 0x000000eadc100000,0x000000eadc200000] [id=46768]

Stack: [0x000000eadc100000,0x000000eadc200000],  sp=0x000000eadc1feb58,  free space=1018k
Native frames: (J=compiled Java code, j=interpreted, Vv=VM code, C=native code)
V  [jvm.dll+0x236ba3]


siginfo: EXCEPTION_ACCESS_VIOLATION (0xc0000005), reading address 0x00000215e815e14a


Register to memory mapping:

RIP=0x00007ff940cc6ba3 jvm.dll
RAX=0x000000000000a860 is an unknown value
RBX=0x00000215e8109e08 is pointing into metadata
RCX=0x00000215e810a540 is pointing into metadata
RDX=0x000000000000a860 is an unknown value
RSP=0x000000eadc1feb58 points into unknown readable memory: 0x00007ff940cc6c1e | 1e 6c cc 40 f9 7f 00 00
RBP=0x000000eadc1ff110 points into unknown readable memory: 0x00000215e36270a8 | a8 70 62 e3 15 02 00 00
RSI=0x000000eadc1ff280 points into unknown readable memory: 0x00007ff941342658 | 58 26 34 41 f9 7f 00 00
RDI=0x000000eadc1ff280 points into unknown readable memory: 0x00007ff941342658 | 58 26 34 41 f9 7f 00 00
R8 =0x0 is NULL
R9 =0x00000215e8109e08 is pointing into metadata
R10=0x0000000000000001 is an unknown value
R11=0x0000000047000000 is an unknown value
R12=0x00000215e3626da8 points into unknown readable memory: 0x00000032cf7ed400 | 00 d4 7e cf 32 00 00 00
R13=0x0000000000000028 is an unknown value
R14=0x00000215e810a324 is pointing into metadata
R15=0x0000000000000039 is an unknown value


Registers:
RAX=0x000000000000a860, RBX=0x00000215e8109e08, RCX=0x00000215e810a540, RDX=0x000000000000a860
RSP=0x000000eadc1feb58, RBP=0x000000eadc1ff110, RSI=0x000000eadc1ff280, RDI=0x000000eadc1ff280
R8 =0x0000000000000000, R9 =0x00000215e8109e08, R10=0x0000000000000001, R11=0x0000000047000000
R12=0x00000215e3626da8, R13=0x0000000000000028, R14=0x00000215e810a324, R15=0x0000000000000039
RIP=0x00007ff940cc6ba3, EFLAGS=0x0000000000010206

Top of Stack: (sp=0x000000eadc1feb58)
0x000000eadc1feb58:   00007ff940cc6c1e 0000000000000400
0x000000eadc1feb68:   00007ff94113d19b 00000215be890000
0x000000eadc1feb78:   000000eadc1fee69 0000000000000000
0x000000eadc1feb88:   00007ff940da6de0 0000000000000000
0x000000eadc1feb98:   000000eadc1ff280 000000eadc1fec10
0x000000eadc1feba8:   00007ff940cc6c1e 0000000000000500
0x000000eadc1febb8:   00000215e68e2040 00007ff941301698
0x000000eadc1febc8:   00000215e6de86b0 0000000000000003
0x000000eadc1febd8:   00007ff90000000c 000000eadc1fec00
0x000000eadc1febe8:   000000ea00000002 0000000046000020
0x000000eadc1febf8:   00007ff967b36dfa 2fffffff4fffffff
0x000000eadc1fec08:   00007ff967b366ed 00007ff941301698
0x000000eadc1fec18:   00000215e35d0958 0000000000000017
0x000000eadc1fec28:   000002150000000e 000000eadc1fed50
0x000000eadc1fec38:   00007ff967b35505 0000000000008000
0x000000eadc1fec48:   000000eadc1fed50 0000000000000000 

Instructions: (pc=0x00007ff940cc6ba3)
0x00007ff940cc6b83:   04 08 0f b7 c8 41 0f b7 44 c9 42 c3 48 63 c2 48
0x00007ff940cc6b93:   ff c0 48 c1 e0 05 48 8b 04 08 0f b7 d0 48 63 c2
0x00007ff940cc6ba3:   41 0f b7 44 c1 42 c3 49 8b 41 08 48 63 ca 0f b6
0x00007ff940cc6bb3:   44 01 04 3c 12 74 ce 49 8b 41 08 0f b6 44 01 04 


Stack slot to memory mapping:
stack at sp + 0 slots: 0x00007ff940cc6c1e jvm.dll
stack at sp + 1 slots: 0x0000000000000400 is an unknown value
stack at sp + 2 slots: 0x00007ff94113d19b jvm.dll
stack at sp + 3 slots: 0x00000215be890000 points into unknown readable memory: 0x0000000000000000 | 00 00 00 00 00 00 00 00
stack at sp + 4 slots: 0x000000eadc1fee69 points into unknown readable memory: 1b 98 e6 15 02 00 00
stack at sp + 5 slots: 0x0 is NULL
stack at sp + 6 slots: 0x00007ff940da6de0 jvm.dll
stack at sp + 7 slots: 0x0 is NULL

VM_Operation (0x000000eadccff870): GetOrSetLocal, mode: safepoint, requested by thread 0x00000215e4565000


---------------  P R O C E S S  ---------------

Threads class SMR info:
_java_thread_list=0x00000215e52f6f60, length=16, elements={
0x00000215beb32800, 0x00000215e4247800, 0x00000215e4253000, 0x00000215e429e800,
0x00000215e42a0000, 0x00000215e42a1000, 0x00000215e42a7800, 0x00000215e42a8800,
0x00000215e42aa000, 0x00000215e441c000, 0x00000215e4565000, 0x00000215e46ae800,
0x00000215e46af800, 0x00000215e55a6800, 0x00000215e5787800, 0x00000215e5e1e800
}

Java Threads: ( => current thread )
  0x00000215beb32800 JavaThread "main" [_thread_blocked, id=46792, stack(0x000000eadbb00000,0x000000eadbc00000)]
  0x00000215e4247800 JavaThread "Reference Handler" daemon [_thread_blocked, id=53692, stack(0x000000eadc200000,0x000000eadc300000)]
  0x00000215e4253000 JavaThread "Finalizer" daemon [_thread_blocked, id=57532, stack(0x000000eadc300000,0x000000eadc400000)]
  0x00000215e429e800 JavaThread "Signal Dispatcher" daemon [_thread_blocked, id=48940, stack(0x000000eadc400000,0x000000eadc500000)]
  0x00000215e42a0000 JavaThread "Attach Listener" daemon [_thread_blocked, id=57432, stack(0x000000eadc500000,0x000000eadc600000)]
  0x00000215e42a1000 JavaThread "Service Thread" daemon [_thread_blocked, id=2948, stack(0x000000eadc600000,0x000000eadc700000)]
  0x00000215e42a7800 JavaThread "C2 CompilerThread0" daemon [_thread_blocked, id=30672, stack(0x000000eadc700000,0x000000eadc800000)]
  0x00000215e42a8800 JavaThread "C1 CompilerThread0" daemon [_thread_blocked, id=48264, stack(0x000000eadc800000,0x000000eadc900000)]
  0x00000215e42aa000 JavaThread "Sweeper thread" daemon [_thread_blocked, id=21672, stack(0x000000eadc900000,0x000000eadca00000)]
  0x00000215e441c000 JavaThread "Common-Cleaner" daemon [_thread_blocked, id=46076, stack(0x000000eadca00000,0x000000eadcb00000)]
  0x00000215e4565000 JavaThread "JDWP Transport Listener: dt_socket" daemon [_thread_blocked, id=56704, stack(0x000000eadcc00000,0x000000eadcd00000)] _threads_hazard_ptr=0x00000215e52f6f60
  0x00000215e46ae800 JavaThread "JDWP Event Helper Thread" daemon [_thread_blocked, id=50844, stack(0x000000eadcd00000,0x000000eadce00000)]
  0x00000215e46af800 JavaThread "JDWP Command Reader" daemon [_thread_in_native, id=59004, stack(0x000000eadce00000,0x000000eadcf00000)]
  0x00000215e55a6800 JavaThread "ForkJoinPool.commonPool-worker-3" daemon [_thread_blocked, id=58428, stack(0x000000eadd500000,0x000000eadd600000)]
  0x00000215e5787800 JavaThread "ForkJoinPool.commonPool-worker-5" daemon [_thread_blocked, id=52248, stack(0x000000eadd600000,0x000000eadd700000)]
  0x00000215e5e1e800 JavaThread "mysql-cj-abandoned-connection-cleanup" daemon [_thread_blocked, id=56228, stack(0x000000eadd800000,0x000000eadd900000)]

Other Threads:
=>0x00000215e421d000 VMThread "VM Thread" [stack: 0x000000eadc100000,0x000000eadc200000] [id=46768]
  0x00000215e469f000 WatcherThread [stack: 0x000000eadcf00000,0x000000eadd000000] [id=31024]
  0x00000215beb4a800 GCTaskThread "GC Thread#0" [stack: 0x000000eadbc00000,0x000000eadbd00000] [id=47200]
  0x00000215e5239000 GCTaskThread "GC Thread#1" [stack: 0x000000eadd000000,0x000000eadd100000] [id=57268]
  0x00000215e55cc000 GCTaskThread "GC Thread#2" [stack: 0x000000eadd100000,0x000000eadd200000] [id=56076]
  0x00000215e4aab800 GCTaskThread "GC Thread#3" [stack: 0x000000eadd200000,0x000000eadd300000] [id=57352]
  0x00000215e4aac800 GCTaskThread "GC Thread#4" [stack: 0x000000eadd300000,0x000000eadd400000] [id=57676]
  0x00000215e5399800 GCTaskThread "GC Thread#5" [stack: 0x000000eadd400000,0x000000eadd500000] [id=49480]
  0x00000215beba7800 ConcurrentGCThread "G1 Main Marker" [stack: 0x000000eadbd00000,0x000000eadbe00000] [id=57356]
  0x00000215bebaa000 ConcurrentGCThread "G1 Conc#0" [stack: 0x000000eadbe00000,0x000000eadbf00000] [id=55244]
  0x00000215e5f44000 ConcurrentGCThread "G1 Conc#1" [stack: 0x000000eadd900000,0x000000eadda00000] [id=57320]
  0x00000215e3556800 ConcurrentGCThread "G1 Refine#0" [stack: 0x000000eadbf00000,0x000000eadc000000] [id=17748]
  0x00000215e3557800 ConcurrentGCThread "G1 Young RemSet Sampling" [stack: 0x000000eadc000000,0x000000eadc100000] [id=56680]

Threads with active compile tasks:

VM state:at safepoint (normal execution)

VM Mutex/Monitor currently owned by a thread:  ([mutex/lock_event])
[0x00000215beb2f4e0] Threads_lock - owner thread: 0x00000215e421d000

Heap address: 0x0000000702600000, size: 4058 MB, Compressed Oops mode: Zero based, Oop shift amount: 3
Narrow klass base: 0x0000000800000000, Narrow klass shift: 0
Compressed class space size: 1073741824 Address: 0x0000000800000000

Heap:
 garbage-first heap   total 260096K, used 20406K [0x0000000702600000, 0x0000000800000000)
  region size 1024K, 20 young (20480K), 5 survivors (5120K)
 Metaspace       used 25972K, capacity 26817K, committed 27008K, reserved 1073152K
  class space    used 2818K, capacity 3152K, committed 3200K, reserved 1048576K
Heap Regions: E=young(eden), S=young(survivor), O=old, HS=humongous(starts), HC=humongous(continues), CS=collection set, F=free, A=archive, TAMS=top-at-mark-start (previous, next)
|   0|0x0000000702600000, 0x0000000702700000, 0x0000000702700000|100%| O|  |TAMS 0x0000000702700000, 0x0000000702600000| Untracked 
|   1|0x0000000702700000, 0x0000000702734e00, 0x0000000702800000| 20%| O|  |TAMS 0x0000000702734e00, 0x0000000702700000| Untracked 
|   2|0x0000000702800000, 0x0000000702800000, 0x0000000702900000|  0%| F|  |TAMS 0x0000000702800000, 0x0000000702800000| Untracked 
|   3|0x0000000702900000, 0x0000000702900000, 0x0000000702a00000|  0%| F|  |TAMS 0x0000000702900000, 0x0000000702900000| Untracked 
|   4|0x0000000702a00000, 0x0000000702a00000, 0x0000000702b00000|  0%| F|  |TAMS 0x0000000702a00000, 0x0000000702a00000| Untracked 
|   5|0x0000000702b00000, 0x0000000702b00000, 0x0000000702c00000|  0%| F|  |TAMS 0x0000000702b00000, 0x0000000702b00000| Untracked 
|   6|0x0000000702c00000, 0x0000000702c00000, 0x0000000702d00000|  0%| F|  |TAMS 0x0000000702c00000, 0x0000000702c00000| Untracked 
|   7|0x0000000702d00000, 0x0000000702d00000, 0x0000000702e00000|  0%| F|  |TAMS 0x0000000702d00000, 0x0000000702d00000| Untracked 
|   8|0x0000000702e00000, 0x0000000702e00000, 0x0000000702f00000|  0%| F|  |TAMS 0x0000000702e00000, 0x0000000702e00000| Untracked 
|   9|0x0000000702f00000, 0x0000000702f00000, 0x0000000703000000|  0%| F|  |TAMS 0x0000000702f00000, 0x0000000702f00000| Untracked 
|  10|0x0000000703000000, 0x0000000703000000, 0x0000000703100000|  0%| F|  |TAMS 0x0000000703000000, 0x0000000703000000| Untracked 
|  11|0x0000000703100000, 0x0000000703100000, 0x0000000703200000|  0%| F|  |TAMS 0x0000000703100000, 0x0000000703100000| Untracked 
|  12|0x0000000703200000, 0x0000000703200000, 0x0000000703300000|  0%| F|  |TAMS 0x0000000703200000, 0x0000000703200000| Untracked 
|  13|0x0000000703300000, 0x0000000703300000, 0x0000000703400000|  0%| F|  |TAMS 0x0000000703300000, 0x0000000703300000| Untracked 
|  14|0x0000000703400000, 0x0000000703400000, 0x0000000703500000|  0%| F|  |TAMS 0x0000000703400000, 0x0000000703400000| Untracked 
|  15|0x0000000703500000, 0x0000000703500000, 0x0000000703600000|  0%| F|  |TAMS 0x0000000703500000, 0x0000000703500000| Untracked 
|  16|0x0000000703600000, 0x0000000703600000, 0x0000000703700000|  0%| F|  |TAMS 0x0000000703600000, 0x0000000703600000| Untracked 
|  17|0x0000000703700000, 0x0000000703700000, 0x0000000703800000|  0%| F|  |TAMS 0x0000000703700000, 0x0000000703700000| Untracked 
|  18|0x0000000703800000, 0x0000000703800000, 0x0000000703900000|  0%| F|  |TAMS 0x0000000703800000, 0x0000000703800000| Untracked 
|  19|0x0000000703900000, 0x0000000703900000, 0x0000000703a00000|  0%| F|  |TAMS 0x0000000703900000, 0x0000000703900000| Untracked 
|  20|0x0000000703a00000, 0x0000000703a00000, 0x0000000703b00000|  0%| F|  |TAMS 0x0000000703a00000, 0x0000000703a00000| Untracked 
|  21|0x0000000703b00000, 0x0000000703b00000, 0x0000000703c00000|  0%| F|  |TAMS 0x0000000703b00000, 0x0000000703b00000| Untracked 
|  22|0x0000000703c00000, 0x0000000703c00000, 0x0000000703d00000|  0%| F|  |TAMS 0x0000000703c00000, 0x0000000703c00000| Untracked 
|  23|0x0000000703d00000, 0x0000000703d00000, 0x0000000703e00000|  0%| F|  |TAMS 0x0000000703d00000, 0x0000000703d00000| Untracked 
|  24|0x0000000703e00000, 0x0000000703e00000, 0x0000000703f00000|  0%| F|  |TAMS 0x0000000703e00000, 0x0000000703e00000| Untracked 
|  25|0x0000000703f00000, 0x0000000703f00000, 0x0000000704000000|  0%| F|  |TAMS 0x0000000703f00000, 0x0000000703f00000| Untracked 
|  26|0x0000000704000000, 0x0000000704000000, 0x0000000704100000|  0%| F|  |TAMS 0x0000000704000000, 0x0000000704000000| Untracked 
|  27|0x0000000704100000, 0x0000000704100000, 0x0000000704200000|  0%| F|  |TAMS 0x0000000704100000, 0x0000000704100000| Untracked 
|  28|0x0000000704200000, 0x0000000704200000, 0x0000000704300000|  0%| F|  |TAMS 0x0000000704200000, 0x0000000704200000| Untracked 
|  29|0x0000000704300000, 0x0000000704300000, 0x0000000704400000|  0%| F|  |TAMS 0x0000000704300000, 0x0000000704300000| Untracked 
|  30|0x0000000704400000, 0x0000000704400000, 0x0000000704500000|  0%| F|  |TAMS 0x0000000704400000, 0x0000000704400000| Untracked 
|  31|0x0000000704500000, 0x0000000704500000, 0x0000000704600000|  0%| F|  |TAMS 0x0000000704500000, 0x0000000704500000| Untracked 
|  32|0x0000000704600000, 0x0000000704600000, 0x0000000704700000|  0%| F|  |TAMS 0x0000000704600000, 0x0000000704600000| Untracked 
|  33|0x0000000704700000, 0x0000000704700000, 0x0000000704800000|  0%| F|  |TAMS 0x0000000704700000, 0x0000000704700000| Untracked 
|  34|0x0000000704800000, 0x0000000704800000, 0x0000000704900000|  0%| F|  |TAMS 0x0000000704800000, 0x0000000704800000| Untracked 
|  35|0x0000000704900000, 0x0000000704900000, 0x0000000704a00000|  0%| F|  |TAMS 0x0000000704900000, 0x0000000704900000| Untracked 
|  36|0x0000000704a00000, 0x0000000704a00000, 0x0000000704b00000|  0%| F|  |TAMS 0x0000000704a00000, 0x0000000704a00000| Untracked 
|  37|0x0000000704b00000, 0x0000000704b00000, 0x0000000704c00000|  0%| F|  |TAMS 0x0000000704b00000, 0x0000000704b00000| Untracked 
|  38|0x0000000704c00000, 0x0000000704c00000, 0x0000000704d00000|  0%| F|  |TAMS 0x0000000704c00000, 0x0000000704c00000| Untracked 
|  39|0x0000000704d00000, 0x0000000704d00000, 0x0000000704e00000|  0%| F|  |TAMS 0x0000000704d00000, 0x0000000704d00000| Untracked 
|  40|0x0000000704e00000, 0x0000000704e00000, 0x0000000704f00000|  0%| F|  |TAMS 0x0000000704e00000, 0x0000000704e00000| Untracked 
|  41|0x0000000704f00000, 0x0000000704f00000, 0x0000000705000000|  0%| F|  |TAMS 0x0000000704f00000, 0x0000000704f00000| Untracked 
|  42|0x0000000705000000, 0x0000000705000000, 0x0000000705100000|  0%| F|  |TAMS 0x0000000705000000, 0x0000000705000000| Untracked 
|  43|0x0000000705100000, 0x0000000705100000, 0x0000000705200000|  0%| F|  |TAMS 0x0000000705100000, 0x0000000705100000| Untracked 
|  44|0x0000000705200000, 0x0000000705200000, 0x0000000705300000|  0%| F|  |TAMS 0x0000000705200000, 0x0000000705200000| Untracked 
|  45|0x0000000705300000, 0x0000000705300000, 0x0000000705400000|  0%| F|  |TAMS 0x0000000705300000, 0x0000000705300000| Untracked 
|  46|0x0000000705400000, 0x0000000705400000, 0x0000000705500000|  0%| F|  |TAMS 0x0000000705400000, 0x0000000705400000| Untracked 
|  47|0x0000000705500000, 0x0000000705500000, 0x0000000705600000|  0%| F|  |TAMS 0x0000000705500000, 0x0000000705500000| Untracked 
|  48|0x0000000705600000, 0x0000000705600000, 0x0000000705700000|  0%| F|  |TAMS 0x0000000705600000, 0x0000000705600000| Untracked 
|  49|0x0000000705700000, 0x0000000705700000, 0x0000000705800000|  0%| F|  |TAMS 0x0000000705700000, 0x0000000705700000| Untracked 
|  50|0x0000000705800000, 0x0000000705800000, 0x0000000705900000|  0%| F|  |TAMS 0x0000000705800000, 0x0000000705800000| Untracked 
|  51|0x0000000705900000, 0x0000000705900000, 0x0000000705a00000|  0%| F|  |TAMS 0x0000000705900000, 0x0000000705900000| Untracked 
|  52|0x0000000705a00000, 0x0000000705a00000, 0x0000000705b00000|  0%| F|  |TAMS 0x0000000705a00000, 0x0000000705a00000| Untracked 
|  53|0x0000000705b00000, 0x0000000705b00000, 0x0000000705c00000|  0%| F|  |TAMS 0x0000000705b00000, 0x0000000705b00000| Untracked 
|  54|0x0000000705c00000, 0x0000000705c00000, 0x0000000705d00000|  0%| F|  |TAMS 0x0000000705c00000, 0x0000000705c00000| Untracked 
|  55|0x0000000705d00000, 0x0000000705d00000, 0x0000000705e00000|  0%| F|  |TAMS 0x0000000705d00000, 0x0000000705d00000| Untracked 
|  56|0x0000000705e00000, 0x0000000705e00000, 0x0000000705f00000|  0%| F|  |TAMS 0x0000000705e00000, 0x0000000705e00000| Untracked 
|  57|0x0000000705f00000, 0x0000000705f00000, 0x0000000706000000|  0%| F|  |TAMS 0x0000000705f00000, 0x0000000705f00000| Untracked 
|  58|0x0000000706000000, 0x0000000706000000, 0x0000000706100000|  0%| F|  |TAMS 0x0000000706000000, 0x0000000706000000| Untracked 
|  59|0x0000000706100000, 0x0000000706100000, 0x0000000706200000|  0%| F|  |TAMS 0x0000000706100000, 0x0000000706100000| Untracked 
|  60|0x0000000706200000, 0x0000000706200000, 0x0000000706300000|  0%| F|  |TAMS 0x0000000706200000, 0x0000000706200000| Untracked 
|  61|0x0000000706300000, 0x0000000706300000, 0x0000000706400000|  0%| F|  |TAMS 0x0000000706300000, 0x0000000706300000| Untracked 
|  62|0x0000000706400000, 0x0000000706400000, 0x0000000706500000|  0%| F|  |TAMS 0x0000000706400000, 0x0000000706400000| Untracked 
|  63|0x0000000706500000, 0x0000000706500000, 0x0000000706600000|  0%| F|  |TAMS 0x0000000706500000, 0x0000000706500000| Untracked 
|  64|0x0000000706600000, 0x0000000706600000, 0x0000000706700000|  0%| F|  |TAMS 0x0000000706600000, 0x0000000706600000| Untracked 
|  65|0x0000000706700000, 0x0000000706700000, 0x0000000706800000|  0%| F|  |TAMS 0x0000000706700000, 0x0000000706700000| Untracked 
|  66|0x0000000706800000, 0x0000000706800000, 0x0000000706900000|  0%| F|  |TAMS 0x0000000706800000, 0x0000000706800000| Untracked 
|  67|0x0000000706900000, 0x0000000706900000, 0x0000000706a00000|  0%| F|  |TAMS 0x0000000706900000, 0x0000000706900000| Untracked 
|  68|0x0000000706a00000, 0x0000000706a00000, 0x0000000706b00000|  0%| F|  |TAMS 0x0000000706a00000, 0x0000000706a00000| Untracked 
|  69|0x0000000706b00000, 0x0000000706b00000, 0x0000000706c00000|  0%| F|  |TAMS 0x0000000706b00000, 0x0000000706b00000| Untracked 
|  70|0x0000000706c00000, 0x0000000706c00000, 0x0000000706d00000|  0%| F|  |TAMS 0x0000000706c00000, 0x0000000706c00000| Untracked 
|  71|0x0000000706d00000, 0x0000000706d00000, 0x0000000706e00000|  0%| F|  |TAMS 0x0000000706d00000, 0x0000000706d00000| Untracked 
|  72|0x0000000706e00000, 0x0000000706e00000, 0x0000000706f00000|  0%| F|  |TAMS 0x0000000706e00000, 0x0000000706e00000| Untracked 
|  73|0x0000000706f00000, 0x0000000706f00000, 0x0000000707000000|  0%| F|  |TAMS 0x0000000706f00000, 0x0000000706f00000| Untracked 
|  74|0x0000000707000000, 0x0000000707000000, 0x0000000707100000|  0%| F|  |TAMS 0x0000000707000000, 0x0000000707000000| Untracked 
|  75|0x0000000707100000, 0x0000000707100000, 0x0000000707200000|  0%| F|  |TAMS 0x0000000707100000, 0x0000000707100000| Untracked 
|  76|0x0000000707200000, 0x0000000707200000, 0x0000000707300000|  0%| F|  |TAMS 0x0000000707200000, 0x0000000707200000| Untracked 
|  77|0x0000000707300000, 0x0000000707300000, 0x0000000707400000|  0%| F|  |TAMS 0x0000000707300000, 0x0000000707300000| Untracked 
|  78|0x0000000707400000, 0x0000000707400000, 0x0000000707500000|  0%| F|  |TAMS 0x0000000707400000, 0x0000000707400000| Untracked 
|  79|0x0000000707500000, 0x0000000707500000, 0x0000000707600000|  0%| F|  |TAMS 0x0000000707500000, 0x0000000707500000| Untracked 
|  80|0x0000000707600000, 0x0000000707600000, 0x0000000707700000|  0%| F|  |TAMS 0x0000000707600000, 0x0000000707600000| Untracked 
|  81|0x0000000707700000, 0x0000000707700000, 0x0000000707800000|  0%| F|  |TAMS 0x0000000707700000, 0x0000000707700000| Untracked 
|  82|0x0000000707800000, 0x0000000707800000, 0x0000000707900000|  0%| F|  |TAMS 0x0000000707800000, 0x0000000707800000| Untracked 
|  83|0x0000000707900000, 0x0000000707900000, 0x0000000707a00000|  0%| F|  |TAMS 0x0000000707900000, 0x0000000707900000| Untracked 
|  84|0x0000000707a00000, 0x0000000707a00000, 0x0000000707b00000|  0%| F|  |TAMS 0x0000000707a00000, 0x0000000707a00000| Untracked 
|  85|0x0000000707b00000, 0x0000000707b00000, 0x0000000707c00000|  0%| F|  |TAMS 0x0000000707b00000, 0x0000000707b00000| Untracked 
|  86|0x0000000707c00000, 0x0000000707c00000, 0x0000000707d00000|  0%| F|  |TAMS 0x0000000707c00000, 0x0000000707c00000| Untracked 
|  87|0x0000000707d00000, 0x0000000707d00000, 0x0000000707e00000|  0%| F|  |TAMS 0x0000000707d00000, 0x0000000707d00000| Untracked 
|  88|0x0000000707e00000, 0x0000000707e00000, 0x0000000707f00000|  0%| F|  |TAMS 0x0000000707e00000, 0x0000000707e00000| Untracked 
|  89|0x0000000707f00000, 0x0000000707f00000, 0x0000000708000000|  0%| F|  |TAMS 0x0000000707f00000, 0x0000000707f00000| Untracked 
|  90|0x0000000708000000, 0x0000000708000000, 0x0000000708100000|  0%| F|  |TAMS 0x0000000708000000, 0x0000000708000000| Untracked 
|  91|0x0000000708100000, 0x0000000708100000, 0x0000000708200000|  0%| F|  |TAMS 0x0000000708100000, 0x0000000708100000| Untracked 
|  92|0x0000000708200000, 0x0000000708200000, 0x0000000708300000|  0%| F|  |TAMS 0x0000000708200000, 0x0000000708200000| Untracked 
|  93|0x0000000708300000, 0x0000000708300000, 0x0000000708400000|  0%| F|  |TAMS 0x0000000708300000, 0x0000000708300000| Untracked 
|  94|0x0000000708400000, 0x0000000708400000, 0x0000000708500000|  0%| F|  |TAMS 0x0000000708400000, 0x0000000708400000| Untracked 
|  95|0x0000000708500000, 0x0000000708500000, 0x0000000708600000|  0%| F|  |TAMS 0x0000000708500000, 0x0000000708500000| Untracked 
|  96|0x0000000708600000, 0x0000000708600000, 0x0000000708700000|  0%| F|  |TAMS 0x0000000708600000, 0x0000000708600000| Untracked 
|  97|0x0000000708700000, 0x0000000708700000, 0x0000000708800000|  0%| F|  |TAMS 0x0000000708700000, 0x0000000708700000| Untracked 
|  98|0x0000000708800000, 0x0000000708800000, 0x0000000708900000|  0%| F|  |TAMS 0x0000000708800000, 0x0000000708800000| Untracked 
|  99|0x0000000708900000, 0x0000000708900000, 0x0000000708a00000|  0%| F|  |TAMS 0x0000000708900000, 0x0000000708900000| Untracked 
| 100|0x0000000708a00000, 0x0000000708a00000, 0x0000000708b00000|  0%| F|  |TAMS 0x0000000708a00000, 0x0000000708a00000| Untracked 
| 101|0x0000000708b00000, 0x0000000708b00000, 0x0000000708c00000|  0%| F|  |TAMS 0x0000000708b00000, 0x0000000708b00000| Untracked 
| 102|0x0000000708c00000, 0x0000000708c00000, 0x0000000708d00000|  0%| F|  |TAMS 0x0000000708c00000, 0x0000000708c00000| Untracked 
| 103|0x0000000708d00000, 0x0000000708d00000, 0x0000000708e00000|  0%| F|  |TAMS 0x0000000708d00000, 0x0000000708d00000| Untracked 
| 104|0x0000000708e00000, 0x0000000708e00000, 0x0000000708f00000|  0%| F|  |TAMS 0x0000000708e00000, 0x0000000708e00000| Untracked 
| 105|0x0000000708f00000, 0x0000000708f00000, 0x0000000709000000|  0%| F|  |TAMS 0x0000000708f00000, 0x0000000708f00000| Untracked 
| 106|0x0000000709000000, 0x0000000709000000, 0x0000000709100000|  0%| F|  |TAMS 0x0000000709000000, 0x0000000709000000| Untracked 
| 107|0x0000000709100000, 0x0000000709100000, 0x0000000709200000|  0%| F|  |TAMS 0x0000000709100000, 0x0000000709100000| Untracked 
| 108|0x0000000709200000, 0x0000000709200000, 0x0000000709300000|  0%| F|  |TAMS 0x0000000709200000, 0x0000000709200000| Untracked 
| 109|0x0000000709300000, 0x0000000709300000, 0x0000000709400000|  0%| F|  |TAMS 0x0000000709300000, 0x0000000709300000| Untracked 
| 110|0x0000000709400000, 0x0000000709400000, 0x0000000709500000|  0%| F|  |TAMS 0x0000000709400000, 0x0000000709400000| Untracked 
| 111|0x0000000709500000, 0x0000000709500000, 0x0000000709600000|  0%| F|  |TAMS 0x0000000709500000, 0x0000000709500000| Untracked 
| 112|0x0000000709600000, 0x0000000709600000, 0x0000000709700000|  0%| F|  |TAMS 0x0000000709600000, 0x0000000709600000| Untracked 
| 113|0x0000000709700000, 0x0000000709700000, 0x0000000709800000|  0%| F|  |TAMS 0x0000000709700000, 0x0000000709700000| Untracked 
| 114|0x0000000709800000, 0x0000000709800000, 0x0000000709900000|  0%| F|  |TAMS 0x0000000709800000, 0x0000000709800000| Untracked 
| 115|0x0000000709900000, 0x0000000709900000, 0x0000000709a00000|  0%| F|  |TAMS 0x0000000709900000, 0x0000000709900000| Untracked 
| 116|0x0000000709a00000, 0x0000000709a00000, 0x0000000709b00000|  0%| F|  |TAMS 0x0000000709a00000, 0x0000000709a00000| Untracked 
| 117|0x0000000709b00000, 0x0000000709b00000, 0x0000000709c00000|  0%| F|  |TAMS 0x0000000709b00000, 0x0000000709b00000| Untracked 
| 118|0x0000000709c00000, 0x0000000709c00000, 0x0000000709d00000|  0%| F|  |TAMS 0x0000000709c00000, 0x0000000709c00000| Untracked 
| 119|0x0000000709d00000, 0x0000000709d00000, 0x0000000709e00000|  0%| F|  |TAMS 0x0000000709d00000, 0x0000000709d00000| Untracked 
| 120|0x0000000709e00000, 0x0000000709e00000, 0x0000000709f00000|  0%| F|  |TAMS 0x0000000709e00000, 0x0000000709e00000| Untracked 
| 121|0x0000000709f00000, 0x0000000709f00000, 0x000000070a000000|  0%| F|  |TAMS 0x0000000709f00000, 0x0000000709f00000| Untracked 
| 122|0x000000070a000000, 0x000000070a000000, 0x000000070a100000|  0%| F|  |TAMS 0x000000070a000000, 0x000000070a000000| Untracked 
| 123|0x000000070a100000, 0x000000070a100000, 0x000000070a200000|  0%| F|  |TAMS 0x000000070a100000, 0x000000070a100000| Untracked 
| 124|0x000000070a200000, 0x000000070a200000, 0x000000070a300000|  0%| F|  |TAMS 0x000000070a200000, 0x000000070a200000| Untracked 
| 125|0x000000070a300000, 0x000000070a300000, 0x000000070a400000|  0%| F|  |TAMS 0x000000070a300000, 0x000000070a300000| Untracked 
| 126|0x000000070a400000, 0x000000070a400000, 0x000000070a500000|  0%| F|  |TAMS 0x000000070a400000, 0x000000070a400000| Untracked 
| 127|0x000000070a500000, 0x000000070a500000, 0x000000070a600000|  0%| F|  |TAMS 0x000000070a500000, 0x000000070a500000| Untracked 
| 128|0x000000070a600000, 0x000000070a600000, 0x000000070a700000|  0%| F|  |TAMS 0x000000070a600000, 0x000000070a600000| Untracked 
| 129|0x000000070a700000, 0x000000070a700000, 0x000000070a800000|  0%| F|  |TAMS 0x000000070a700000, 0x000000070a700000| Untracked 
| 130|0x000000070a800000, 0x000000070a800000, 0x000000070a900000|  0%| F|  |TAMS 0x000000070a800000, 0x000000070a800000| Untracked 
| 131|0x000000070a900000, 0x000000070a900000, 0x000000070aa00000|  0%| F|  |TAMS 0x000000070a900000, 0x000000070a900000| Untracked 
| 132|0x000000070aa00000, 0x000000070aa00000, 0x000000070ab00000|  0%| F|  |TAMS 0x000000070aa00000, 0x000000070aa00000| Untracked 
| 133|0x000000070ab00000, 0x000000070ab00000, 0x000000070ac00000|  0%| F|  |TAMS 0x000000070ab00000, 0x000000070ab00000| Untracked 
| 134|0x000000070ac00000, 0x000000070ac00000, 0x000000070ad00000|  0%| F|  |TAMS 0x000000070ac00000, 0x000000070ac00000| Untracked 
| 135|0x000000070ad00000, 0x000000070ad00000, 0x000000070ae00000|  0%| F|  |TAMS 0x000000070ad00000, 0x000000070ad00000| Untracked 
| 136|0x000000070ae00000, 0x000000070ae00000, 0x000000070af00000|  0%| F|  |TAMS 0x000000070ae00000, 0x000000070ae00000| Untracked 
| 137|0x000000070af00000, 0x000000070af00000, 0x000000070b000000|  0%| F|  |TAMS 0x000000070af00000, 0x000000070af00000| Untracked 
| 138|0x000000070b000000, 0x000000070b000000, 0x000000070b100000|  0%| F|  |TAMS 0x000000070b000000, 0x000000070b000000| Untracked 
| 139|0x000000070b100000, 0x000000070b100000, 0x000000070b200000|  0%| F|  |TAMS 0x000000070b100000, 0x000000070b100000| Untracked 
| 140|0x000000070b200000, 0x000000070b200000, 0x000000070b300000|  0%| F|  |TAMS 0x000000070b200000, 0x000000070b200000| Untracked 
| 141|0x000000070b300000, 0x000000070b300000, 0x000000070b400000|  0%| F|  |TAMS 0x000000070b300000, 0x000000070b300000| Untracked 
| 142|0x000000070b400000, 0x000000070b400000, 0x000000070b500000|  0%| F|  |TAMS 0x000000070b400000, 0x000000070b400000| Untracked 
| 143|0x000000070b500000, 0x000000070b500000, 0x000000070b600000|  0%| F|  |TAMS 0x000000070b500000, 0x000000070b500000| Untracked 
| 144|0x000000070b600000, 0x000000070b600000, 0x000000070b700000|  0%| F|  |TAMS 0x000000070b600000, 0x000000070b600000| Untracked 
| 145|0x000000070b700000, 0x000000070b700000, 0x000000070b800000|  0%| F|  |TAMS 0x000000070b700000, 0x000000070b700000| Untracked 
| 146|0x000000070b800000, 0x000000070b800000, 0x000000070b900000|  0%| F|  |TAMS 0x000000070b800000, 0x000000070b800000| Untracked 
| 147|0x000000070b900000, 0x000000070b900000, 0x000000070ba00000|  0%| F|  |TAMS 0x000000070b900000, 0x000000070b900000| Untracked 
| 148|0x000000070ba00000, 0x000000070ba00000, 0x000000070bb00000|  0%| F|  |TAMS 0x000000070ba00000, 0x000000070ba00000| Untracked 
| 149|0x000000070bb00000, 0x000000070bb00000, 0x000000070bc00000|  0%| F|  |TAMS 0x000000070bb00000, 0x000000070bb00000| Untracked 
| 150|0x000000070bc00000, 0x000000070bc00000, 0x000000070bd00000|  0%| F|  |TAMS 0x000000070bc00000, 0x000000070bc00000| Untracked 
| 151|0x000000070bd00000, 0x000000070bd00000, 0x000000070be00000|  0%| F|  |TAMS 0x000000070bd00000, 0x000000070bd00000| Untracked 
| 152|0x000000070be00000, 0x000000070be00000, 0x000000070bf00000|  0%| F|  |TAMS 0x000000070be00000, 0x000000070be00000| Untracked 
| 153|0x000000070bf00000, 0x000000070bf00000, 0x000000070c000000|  0%| F|  |TAMS 0x000000070bf00000, 0x000000070bf00000| Untracked 
| 154|0x000000070c000000, 0x000000070c000000, 0x000000070c100000|  0%| F|  |TAMS 0x000000070c000000, 0x000000070c000000| Untracked 
| 155|0x000000070c100000, 0x000000070c100000, 0x000000070c200000|  0%| F|  |TAMS 0x000000070c100000, 0x000000070c100000| Untracked 
| 156|0x000000070c200000, 0x000000070c200000, 0x000000070c300000|  0%| F|  |TAMS 0x000000070c200000, 0x000000070c200000| Untracked 
| 157|0x000000070c300000, 0x000000070c300000, 0x000000070c400000|  0%| F|  |TAMS 0x000000070c300000, 0x000000070c300000| Untracked 
| 158|0x000000070c400000, 0x000000070c400000, 0x000000070c500000|  0%| F|  |TAMS 0x000000070c400000, 0x000000070c400000| Untracked 
| 159|0x000000070c500000, 0x000000070c500000, 0x000000070c600000|  0%| F|  |TAMS 0x000000070c500000, 0x000000070c500000| Untracked 
| 160|0x000000070c600000, 0x000000070c600000, 0x000000070c700000|  0%| F|  |TAMS 0x000000070c600000, 0x000000070c600000| Untracked 
| 161|0x000000070c700000, 0x000000070c700000, 0x000000070c800000|  0%| F|  |TAMS 0x000000070c700000, 0x000000070c700000| Untracked 
| 162|0x000000070c800000, 0x000000070c800000, 0x000000070c900000|  0%| F|  |TAMS 0x000000070c800000, 0x000000070c800000| Untracked 
| 163|0x000000070c900000, 0x000000070c900000, 0x000000070ca00000|  0%| F|  |TAMS 0x000000070c900000, 0x000000070c900000| Untracked 
| 164|0x000000070ca00000, 0x000000070ca00000, 0x000000070cb00000|  0%| F|  |TAMS 0x000000070ca00000, 0x000000070ca00000| Untracked 
| 165|0x000000070cb00000, 0x000000070cb00000, 0x000000070cc00000|  0%| F|  |TAMS 0x000000070cb00000, 0x000000070cb00000| Untracked 
| 166|0x000000070cc00000, 0x000000070cc00000, 0x000000070cd00000|  0%| F|  |TAMS 0x000000070cc00000, 0x000000070cc00000| Untracked 
| 167|0x000000070cd00000, 0x000000070cd00000, 0x000000070ce00000|  0%| F|  |TAMS 0x000000070cd00000, 0x000000070cd00000| Untracked 
| 168|0x000000070ce00000, 0x000000070ce00000, 0x000000070cf00000|  0%| F|  |TAMS 0x000000070ce00000, 0x000000070ce00000| Untracked 
| 169|0x000000070cf00000, 0x000000070cf00000, 0x000000070d000000|  0%| F|  |TAMS 0x000000070cf00000, 0x000000070cf00000| Untracked 
| 170|0x000000070d000000, 0x000000070d000000, 0x000000070d100000|  0%| F|  |TAMS 0x000000070d000000, 0x000000070d000000| Untracked 
| 171|0x000000070d100000, 0x000000070d100000, 0x000000070d200000|  0%| F|  |TAMS 0x000000070d100000, 0x000000070d100000| Untracked 
| 172|0x000000070d200000, 0x000000070d200000, 0x000000070d300000|  0%| F|  |TAMS 0x000000070d200000, 0x000000070d200000| Untracked 
| 173|0x000000070d300000, 0x000000070d300000, 0x000000070d400000|  0%| F|  |TAMS 0x000000070d300000, 0x000000070d300000| Untracked 
| 174|0x000000070d400000, 0x000000070d400000, 0x000000070d500000|  0%| F|  |TAMS 0x000000070d400000, 0x000000070d400000| Untracked 
| 175|0x000000070d500000, 0x000000070d500000, 0x000000070d600000|  0%| F|  |TAMS 0x000000070d500000, 0x000000070d500000| Untracked 
| 176|0x000000070d600000, 0x000000070d600000, 0x000000070d700000|  0%| F|  |TAMS 0x000000070d600000, 0x000000070d600000| Untracked 
| 177|0x000000070d700000, 0x000000070d700000, 0x000000070d800000|  0%| F|  |TAMS 0x000000070d700000, 0x000000070d700000| Untracked 
| 178|0x000000070d800000, 0x000000070d800000, 0x000000070d900000|  0%| F|  |TAMS 0x000000070d800000, 0x000000070d800000| Untracked 
| 179|0x000000070d900000, 0x000000070d900000, 0x000000070da00000|  0%| F|  |TAMS 0x000000070d900000, 0x000000070d900000| Untracked 
| 180|0x000000070da00000, 0x000000070da00000, 0x000000070db00000|  0%| F|  |TAMS 0x000000070da00000, 0x000000070da00000| Untracked 
| 181|0x000000070db00000, 0x000000070db00000, 0x000000070dc00000|  0%| F|  |TAMS 0x000000070db00000, 0x000000070db00000| Untracked 
| 182|0x000000070dc00000, 0x000000070dc00000, 0x000000070dd00000|  0%| F|  |TAMS 0x000000070dc00000, 0x000000070dc00000| Untracked 
| 183|0x000000070dd00000, 0x000000070dd00000, 0x000000070de00000|  0%| F|  |TAMS 0x000000070dd00000, 0x000000070dd00000| Untracked 
| 184|0x000000070de00000, 0x000000070de00000, 0x000000070df00000|  0%| F|  |TAMS 0x000000070de00000, 0x000000070de00000| Untracked 
| 185|0x000000070df00000, 0x000000070df00000, 0x000000070e000000|  0%| F|  |TAMS 0x000000070df00000, 0x000000070df00000| Untracked 
| 186|0x000000070e000000, 0x000000070e000000, 0x000000070e100000|  0%| F|  |TAMS 0x000000070e000000, 0x000000070e000000| Untracked 
| 187|0x000000070e100000, 0x000000070e100000, 0x000000070e200000|  0%| F|  |TAMS 0x000000070e100000, 0x000000070e100000| Untracked 
| 188|0x000000070e200000, 0x000000070e200000, 0x000000070e300000|  0%| F|  |TAMS 0x000000070e200000, 0x000000070e200000| Untracked 
| 189|0x000000070e300000, 0x000000070e300000, 0x000000070e400000|  0%| F|  |TAMS 0x000000070e300000, 0x000000070e300000| Untracked 
| 190|0x000000070e400000, 0x000000070e400000, 0x000000070e500000|  0%| F|  |TAMS 0x000000070e400000, 0x000000070e400000| Untracked 
| 191|0x000000070e500000, 0x000000070e500000, 0x000000070e600000|  0%| F|  |TAMS 0x000000070e500000, 0x000000070e500000| Untracked 
| 192|0x000000070e600000, 0x000000070e600000, 0x000000070e700000|  0%| F|  |TAMS 0x000000070e600000, 0x000000070e600000| Untracked 
| 193|0x000000070e700000, 0x000000070e700000, 0x000000070e800000|  0%| F|  |TAMS 0x000000070e700000, 0x000000070e700000| Untracked 
| 194|0x000000070e800000, 0x000000070e800000, 0x000000070e900000|  0%| F|  |TAMS 0x000000070e800000, 0x000000070e800000| Untracked 
| 195|0x000000070e900000, 0x000000070e900000, 0x000000070ea00000|  0%| F|  |TAMS 0x000000070e900000, 0x000000070e900000| Untracked 
| 196|0x000000070ea00000, 0x000000070ea00000, 0x000000070eb00000|  0%| F|  |TAMS 0x000000070ea00000, 0x000000070ea00000| Untracked 
| 197|0x000000070eb00000, 0x000000070eb00000, 0x000000070ec00000|  0%| F|  |TAMS 0x000000070eb00000, 0x000000070eb00000| Untracked 
| 198|0x000000070ec00000, 0x000000070ec00000, 0x000000070ed00000|  0%| F|  |TAMS 0x000000070ec00000, 0x000000070ec00000| Untracked 
| 199|0x000000070ed00000, 0x000000070ed00000, 0x000000070ee00000|  0%| F|  |TAMS 0x000000070ed00000, 0x000000070ed00000| Untracked 
| 200|0x000000070ee00000, 0x000000070ee00000, 0x000000070ef00000|  0%| F|  |TAMS 0x000000070ee00000, 0x000000070ee00000| Untracked 
| 201|0x000000070ef00000, 0x000000070ef00000, 0x000000070f000000|  0%| F|  |TAMS 0x000000070ef00000, 0x000000070ef00000| Untracked 
| 202|0x000000070f000000, 0x000000070f000000, 0x000000070f100000|  0%| F|  |TAMS 0x000000070f000000, 0x000000070f000000| Untracked 
| 203|0x000000070f100000, 0x000000070f100000, 0x000000070f200000|  0%| F|  |TAMS 0x000000070f100000, 0x000000070f100000| Untracked 
| 204|0x000000070f200000, 0x000000070f200000, 0x000000070f300000|  0%| F|  |TAMS 0x000000070f200000, 0x000000070f200000| Untracked 
| 205|0x000000070f300000, 0x000000070f300000, 0x000000070f400000|  0%| F|  |TAMS 0x000000070f300000, 0x000000070f300000| Untracked 
| 206|0x000000070f400000, 0x000000070f400000, 0x000000070f500000|  0%| F|  |TAMS 0x000000070f400000, 0x000000070f400000| Untracked 
| 207|0x000000070f500000, 0x000000070f500000, 0x000000070f600000|  0%| F|  |TAMS 0x000000070f500000, 0x000000070f500000| Untracked 
| 208|0x000000070f600000, 0x000000070f600000, 0x000000070f700000|  0%| F|  |TAMS 0x000000070f600000, 0x000000070f600000| Untracked 
| 209|0x000000070f700000, 0x000000070f700000, 0x000000070f800000|  0%| F|  |TAMS 0x000000070f700000, 0x000000070f700000| Untracked 
| 210|0x000000070f800000, 0x000000070f800000, 0x000000070f900000|  0%| F|  |TAMS 0x000000070f800000, 0x000000070f800000| Untracked 
| 211|0x000000070f900000, 0x000000070f900000, 0x000000070fa00000|  0%| F|  |TAMS 0x000000070f900000, 0x000000070f900000| Untracked 
| 212|0x000000070fa00000, 0x000000070fa00000, 0x000000070fb00000|  0%| F|  |TAMS 0x000000070fa00000, 0x000000070fa00000| Untracked 
| 213|0x000000070fb00000, 0x000000070fb00000, 0x000000070fc00000|  0%| F|  |TAMS 0x000000070fb00000, 0x000000070fb00000| Untracked 
| 214|0x000000070fc00000, 0x000000070fc00000, 0x000000070fd00000|  0%| F|  |TAMS 0x000000070fc00000, 0x000000070fc00000| Untracked 
| 215|0x000000070fd00000, 0x000000070fd00000, 0x000000070fe00000|  0%| F|  |TAMS 0x000000070fd00000, 0x000000070fd00000| Untracked 
| 216|0x000000070fe00000, 0x000000070fe00000, 0x000000070ff00000|  0%| F|  |TAMS 0x000000070fe00000, 0x000000070fe00000| Untracked 
| 217|0x000000070ff00000, 0x000000070ff00000, 0x0000000710000000|  0%| F|  |TAMS 0x000000070ff00000, 0x000000070ff00000| Untracked 
| 218|0x0000000710000000, 0x0000000710000000, 0x0000000710100000|  0%| F|  |TAMS 0x0000000710000000, 0x0000000710000000| Untracked 
| 219|0x0000000710100000, 0x0000000710100000, 0x0000000710200000|  0%| F|  |TAMS 0x0000000710100000, 0x0000000710100000| Untracked 
| 220|0x0000000710200000, 0x0000000710200000, 0x0000000710300000|  0%| F|  |TAMS 0x0000000710200000, 0x0000000710200000| Untracked 
| 221|0x0000000710300000, 0x0000000710300000, 0x0000000710400000|  0%| F|  |TAMS 0x0000000710300000, 0x0000000710300000| Untracked 
| 222|0x0000000710400000, 0x00000007104b8ae0, 0x0000000710500000| 72%| S|CS|TAMS 0x0000000710400000, 0x0000000710400000| Complete 
| 223|0x0000000710500000, 0x0000000710600000, 0x0000000710600000|100%| S|CS|TAMS 0x0000000710500000, 0x0000000710500000| Complete 
| 224|0x0000000710600000, 0x0000000710700000, 0x0000000710700000|100%| S|CS|TAMS 0x0000000710600000, 0x0000000710600000| Complete 
| 225|0x0000000710700000, 0x0000000710800000, 0x0000000710800000|100%| S|CS|TAMS 0x0000000710700000, 0x0000000710700000| Complete 
| 226|0x0000000710800000, 0x0000000710900000, 0x0000000710900000|100%| S|CS|TAMS 0x0000000710800000, 0x0000000710800000| Complete 
| 227|0x0000000710900000, 0x0000000710900000, 0x0000000710a00000|  0%| F|  |TAMS 0x0000000710900000, 0x0000000710900000| Untracked 
| 228|0x0000000710a00000, 0x0000000710a00000, 0x0000000710b00000|  0%| F|  |TAMS 0x0000000710a00000, 0x0000000710a00000| Untracked 
| 229|0x0000000710b00000, 0x0000000710b00000, 0x0000000710c00000|  0%| F|  |TAMS 0x0000000710b00000, 0x0000000710b00000| Untracked 
| 230|0x0000000710c00000, 0x0000000710c00000, 0x0000000710d00000|  0%| F|  |TAMS 0x0000000710c00000, 0x0000000710c00000| Untracked 
| 231|0x0000000710d00000, 0x0000000710d00000, 0x0000000710e00000|  0%| F|  |TAMS 0x0000000710d00000, 0x0000000710d00000| Untracked 
| 232|0x0000000710e00000, 0x0000000710e00000, 0x0000000710f00000|  0%| F|  |TAMS 0x0000000710e00000, 0x0000000710e00000| Untracked 
| 233|0x0000000710f00000, 0x0000000710f00000, 0x0000000711000000|  0%| F|  |TAMS 0x0000000710f00000, 0x0000000710f00000| Untracked 
| 234|0x0000000711000000, 0x0000000711000000, 0x0000000711100000|  0%| F|  |TAMS 0x0000000711000000, 0x0000000711000000| Untracked 
| 235|0x0000000711100000, 0x0000000711100000, 0x0000000711200000|  0%| F|  |TAMS 0x0000000711100000, 0x0000000711100000| Untracked 
| 236|0x0000000711200000, 0x0000000711200000, 0x0000000711300000|  0%| F|  |TAMS 0x0000000711200000, 0x0000000711200000| Untracked 
| 237|0x0000000711300000, 0x0000000711300000, 0x0000000711400000|  0%| F|  |TAMS 0x0000000711300000, 0x0000000711300000| Untracked 
| 238|0x0000000711400000, 0x0000000711400000, 0x0000000711500000|  0%| F|  |TAMS 0x0000000711400000, 0x0000000711400000| Untracked 
| 239|0x0000000711500000, 0x0000000711580800, 0x0000000711600000| 50%| E|  |TAMS 0x0000000711500000, 0x0000000711500000| Complete 
| 240|0x0000000711600000, 0x0000000711700000, 0x0000000711700000|100%| E|CS|TAMS 0x0000000711600000, 0x0000000711600000| Complete 
| 241|0x0000000711700000, 0x0000000711800000, 0x0000000711800000|100%| E|CS|TAMS 0x0000000711700000, 0x0000000711700000| Complete 
| 242|0x0000000711800000, 0x0000000711900000, 0x0000000711900000|100%| E|CS|TAMS 0x0000000711800000, 0x0000000711800000| Complete 
| 243|0x0000000711900000, 0x0000000711a00000, 0x0000000711a00000|100%| E|CS|TAMS 0x0000000711900000, 0x0000000711900000| Complete 
| 244|0x0000000711a00000, 0x0000000711b00000, 0x0000000711b00000|100%| E|CS|TAMS 0x0000000711a00000, 0x0000000711a00000| Complete 
| 245|0x0000000711b00000, 0x0000000711c00000, 0x0000000711c00000|100%| E|CS|TAMS 0x0000000711b00000, 0x0000000711b00000| Complete 
| 246|0x0000000711c00000, 0x0000000711d00000, 0x0000000711d00000|100%| E|CS|TAMS 0x0000000711c00000, 0x0000000711c00000| Complete 
| 247|0x0000000711d00000, 0x0000000711e00000, 0x0000000711e00000|100%| E|CS|TAMS 0x0000000711d00000, 0x0000000711d00000| Complete 
| 248|0x0000000711e00000, 0x0000000711f00000, 0x0000000711f00000|100%| E|CS|TAMS 0x0000000711e00000, 0x0000000711e00000| Complete 
| 249|0x0000000711f00000, 0x0000000712000000, 0x0000000712000000|100%| E|CS|TAMS 0x0000000711f00000, 0x0000000711f00000| Complete 
| 250|0x0000000712000000, 0x0000000712100000, 0x0000000712100000|100%| E|CS|TAMS 0x0000000712000000, 0x0000000712000000| Complete 
| 251|0x0000000712100000, 0x0000000712200000, 0x0000000712200000|100%| E|CS|TAMS 0x0000000712100000, 0x0000000712100000| Complete 
| 252|0x0000000712200000, 0x0000000712300000, 0x0000000712300000|100%| E|CS|TAMS 0x0000000712200000, 0x0000000712200000| Complete 
| 253|0x0000000712300000, 0x0000000712400000, 0x0000000712400000|100%| E|CS|TAMS 0x0000000712300000, 0x0000000712300000| Complete 

Card table byte_map: [0x00000215d7f20000,0x00000215d8710000] _byte_map_base: 0x00000215d470d000

Marking Bits (Prev, Next): (CMBitMap*) 0x00000215beb97150, (CMBitMap*) 0x00000215beb97118
 Prev Bits: [0x00000215dce70000, 0x00000215e0dd8000)
 Next Bits: [0x00000215d8f00000, 0x00000215dce68000)

Polling page: 0x00000215c7ca0000

Metaspace:

Usage:
  Non-class:     23.11 MB capacity,    22.61 MB ( 98%) used,   420.08 KB (  2%) free+waste,    90.06 KB ( <1%) overhead. 
      Class:      3.08 MB capacity,     2.75 MB ( 89%) used,   289.45 KB (  9%) free+waste,    44.44 KB (  1%) overhead. 
       Both:     26.19 MB capacity,    25.36 MB ( 97%) used,   709.53 KB (  3%) free+waste,   134.50 KB ( <1%) overhead. 

Virtual space:
  Non-class space:       24.00 MB reserved,      23.25 MB ( 97%) committed 
      Class space:        1.00 GB reserved,       3.13 MB ( <1%) committed 
             Both:        1.02 GB reserved,      26.38 MB (  3%) committed 

Chunk freelists:
   Non-Class:  1.88 KB
       Class:  2.00 KB
        Both:  3.88 KB

CodeHeap 'non-profiled nmethods': size=120000Kb used=907Kb max_used=907Kb free=119092Kb
 bounds [0x00000215cf790000, 0x00000215cfa00000, 0x00000215d6cc0000]
CodeHeap 'profiled nmethods': size=120000Kb used=4394Kb max_used=4394Kb free=115605Kb
 bounds [0x00000215c8260000, 0x00000215c86b0000, 0x00000215cf790000]
CodeHeap 'non-nmethods': size=5760Kb used=1279Kb max_used=1311Kb free=4480Kb
 bounds [0x00000215c7cc0000, 0x00000215c7f30000, 0x00000215c8260000]
 total_blobs=2719 nmethods=2168 adapters=470
 compilation: enabled
              stopped_count=0, restarted_count=0
 full_count=0

Compilation events (10 events):
Event: 1.873 Thread 0x00000215e42a8800 nmethod 2164 0x00000215cf871210 code [0x00000215cf8713a0, 0x00000215cf871458]
Event: 1.873 Thread 0x00000215e42a8800 2166       3       sun.security.ssl.TransportContext::isInboundClosed (8 bytes)
Event: 1.873 Thread 0x00000215e42a8800 nmethod 2166 0x00000215c86a9b10 code [0x00000215c86a9cc0, 0x00000215c86aa038]
Event: 1.873 Thread 0x00000215e42a8800 2165       1       java.util.concurrent.locks.AbstractQueuedSynchronizer::setState (6 bytes)
Event: 1.873 Thread 0x00000215e42a8800 nmethod 2165 0x00000215cf871510 code [0x00000215cf8716a0, 0x00000215cf871758]
Event: 1.874 Thread 0x00000215e56c7800 nmethod 2163 0x00000215cf871810 code [0x00000215cf871980, 0x00000215cf871a38]
Event: 1.885 Thread 0x00000215e42a8800 2167       3       java.lang.StringCoding::decodeUTF8 (45 bytes)
Event: 1.886 Thread 0x00000215e42a8800 nmethod 2167 0x00000215c86aa110 code [0x00000215c86aa300, 0x00000215c86aa7d8]
Event: 1.887 Thread 0x00000215e42a7800 2168       4       java.lang.String::regionMatches (150 bytes)
Event: 1.898 Thread 0x00000215e42a7800 nmethod 2168 0x00000215cf871b10 code [0x00000215cf871cc0, 0x00000215cf872778]

GC Heap History (4 events):
Event: 0.971 GC heap before
{Heap before GC invocations=0 (full 0):
 garbage-first heap   total 260096K, used 23552K [0x0000000702600000, 0x0000000800000000)
  region size 1024K, 24 young (24576K), 0 survivors (0K)
 Metaspace       used 14219K, capacity 14556K, committed 14720K, reserved 1062912K
  class space    used 1433K, capacity 1580K, committed 1664K, reserved 1048576K
}
Event: 0.975 GC heap after
{Heap after GC invocations=1 (full 0):
 garbage-first heap   total 260096K, used 4307K [0x0000000702600000, 0x0000000800000000)
  region size 1024K, 3 young (3072K), 3 survivors (3072K)
 Metaspace       used 14219K, capacity 14556K, committed 14720K, reserved 1062912K
  class space    used 1433K, capacity 1580K, committed 1664K, reserved 1048576K
}
Event: 1.433 GC heap before
{Heap before GC invocations=1 (full 0):
 garbage-first heap   total 260096K, used 27859K [0x0000000702600000, 0x0000000800000000)
  region size 1024K, 27 young (27648K), 3 survivors (3072K)
 Metaspace       used 20411K, capacity 21110K, committed 21248K, reserved 1069056K
  class space    used 2119K, capacity 2442K, committed 2560K, reserved 1048576K
}
Event: 1.438 GC heap after
{Heap after GC invocations=2 (full 0):
 garbage-first heap   total 260096K, used 6070K [0x0000000702600000, 0x0000000800000000)
  region size 1024K, 5 young (5120K), 5 survivors (5120K)
 Metaspace       used 20411K, capacity 21110K, committed 21248K, reserved 1069056K
  class space    used 2119K, capacity 2442K, committed 2560K, reserved 1048576K
}

Deoptimization events (10 events):
Event: 1.571 Thread 0x00000215beb32800 Uncommon trap: reason=unstable_if action=reinterpret pc=0x00000215cf826728 method=java.util.HashMap.putVal(ILjava/lang/Object;Ljava/lang/Object;ZZ)Ljava/lang/Object; @ 162 c2
Event: 1.609 Thread 0x00000215beb32800 Uncommon trap: reason=intrinsic_or_type_checked_inlining action=make_not_entrant pc=0x00000215cf859f54 method=java.util.Arrays.copyOf([Ljava/lang/Object;ILjava/lang/Class;)[Ljava/lang/Object; @ 35 c2
Event: 1.646 Thread 0x00000215beb32800 Uncommon trap: reason=bimorphic_or_optimized_type_check action=maybe_recompile pc=0x00000215cf85ab2c method=java.util.regex.Pattern$SliceI.match(Ljava/util/regex/Matcher;ILjava/lang/CharSequence;)Z @ 92 c2
Event: 1.646 Thread 0x00000215beb32800 Uncommon trap: reason=bimorphic_or_optimized_type_check action=maybe_recompile pc=0x00000215cf85ab2c method=java.util.regex.Pattern$SliceI.match(Ljava/util/regex/Matcher;ILjava/lang/CharSequence;)Z @ 92 c2
Event: 1.646 Thread 0x00000215beb32800 Uncommon trap: reason=bimorphic_or_optimized_type_check action=maybe_recompile pc=0x00000215cf85ab2c method=java.util.regex.Pattern$SliceI.match(Ljava/util/regex/Matcher;ILjava/lang/CharSequence;)Z @ 92 c2
Event: 1.646 Thread 0x00000215beb32800 Uncommon trap: reason=class_check action=maybe_recompile pc=0x00000215cf853064 method=java.util.regex.Pattern$BmpCharProperty.match(Ljava/util/regex/Matcher;ILjava/lang/CharSequence;)Z @ 19 c2
Event: 1.646 Thread 0x00000215beb32800 Uncommon trap: reason=class_check action=maybe_recompile pc=0x00000215cf853064 method=java.util.regex.Pattern$BmpCharProperty.match(Ljava/util/regex/Matcher;ILjava/lang/CharSequence;)Z @ 19 c2
Event: 1.646 Thread 0x00000215beb32800 Uncommon trap: reason=class_check action=maybe_recompile pc=0x00000215cf853064 method=java.util.regex.Pattern$BmpCharProperty.match(Ljava/util/regex/Matcher;ILjava/lang/CharSequence;)Z @ 19 c2
Event: 1.646 Thread 0x00000215beb32800 Uncommon trap: reason=class_check action=maybe_recompile pc=0x00000215cf853064 method=java.util.regex.Pattern$BmpCharProperty.match(Ljava/util/regex/Matcher;ILjava/lang/CharSequence;)Z @ 19 c2
Event: 13344.488 Thread 0x00000215e4565000 Uncommon trap: reason=unstable_if action=reinterpret pc=0x00000215cf85f8fc method=com.intellij.rt.debugger.agent.CaptureAgent$CaptureTransformer.transform(Ljava/lang/ClassLoader;Ljava/lang/String;Ljava/lang/Class;Ljava/security/ProtectionDomain;[B)[B @ 5 

Classes redefined (2 events):
Event: 13344.670 Thread 0x00000215e421d000 redefined class name=utils.ExcelReader, count=1
Event: 15082.738 Thread 0x00000215e421d000 redefined class name=utils.ExcelReader, count=2

Internal exceptions (10 events):
Event: 1.256 Thread 0x00000215beb32800 Exception <a 'java/lang/NoSuchMethodError'{0x00000007115a71e0}: java.lang.invoke.DirectMethodHandle$Holder.invokeStaticInit(Ljava/lang/Object;Ljava/lang/Object;)V> (0x00000007115a71e0) thrown at [./open/src/hotspot/share/interpreter/linkResolver.cpp, line
Event: 1.306 Thread 0x00000215beb32800 Exception <a 'java/lang/NoSuchMethodError'{0x00000007114f3890}: java.lang.invoke.DirectMethodHandle$Holder.invokeSpecialIFC(Ljava/lang/Object;Ljava/lang/Object;I)I> (0x00000007114f3890) thrown at [./open/src/hotspot/share/interpreter/linkResolver.cpp, lin
Event: 1.339 Thread 0x00000215beb32800 Exception <a 'java/lang/NoSuchMethodError'{0x00000007112a3e78}: java.lang.invoke.DirectMethodHandle$Holder.invokeSpecial(Ljava/lang/Object;Ljava/lang/Object;Ljava/lang/Object;Ljava/lang/Object;)V> (0x00000007112a3e78) thrown at [./open/src/hotspot/share/i
Event: 1.340 Thread 0x00000215beb32800 Exception <a 'java/lang/NoSuchMethodError'{0x00000007112aa650}: java.lang.invoke.DirectMethodHandle$Holder.invokeVirtual(Ljava/lang/Object;Ljava/lang/Object;Ljava/lang/Object;)Ljava/lang/Object;> (0x00000007112aa650) thrown at [./open/src/hotspot/share/in
Event: 1.519 Thread 0x00000215beb32800 Exception <a 'sun/nio/fs/WindowsException'{0x0000000711fb57f0}> (0x0000000711fb57f0) thrown at [./open/src/hotspot/share/prims/jni.cpp, line 611]
Event: 1.687 Thread 0x00000215beb32800 Exception <a 'java/lang/NoSuchMethodError'{0x0000000711976d18}: java.lang.invoke.DirectMethodHandle$Holder.invokeSpecial(Ljava/lang/Object;Ljava/lang/Object;IILjava/lang/Object;ILjava/lang/Object;Ljava/lang/Object;)Ljava/lang/Object;> (0x0000000711976d18)
Event: 1.687 Thread 0x00000215beb32800 Exception <a 'java/lang/NoSuchMethodError'{0x000000071197a348}: java.lang.invoke.DelegatingMethodHandle$Holder.reinvoke_L(Ljava/lang/Object;IILjava/lang/Object;ILjava/lang/Object;Ljava/lang/Object;)Ljava/lang/Object;> (0x000000071197a348) thrown at [./ope
Event: 1.689 Thread 0x00000215beb32800 Exception <a 'java/lang/NoSuchMethodError'{0x00000007119c4e58}: java.lang.invoke.DirectMethodHandle$Holder.invokeStatic(Ljava/lang/Object;Ljava/lang/Object;Ljava/lang/Object;Ljava/lang/Object;Ljava/lang/Object;Ljava/lang/Object;Ljava/lang/Object;Ljava/lan
Event: 1.690 Thread 0x00000215beb32800 Exception <a 'java/lang/NoSuchMethodError'{0x00000007119e62f8}: java.lang.invoke.DirectMethodHandle$Holder.invokeStatic(Ljava/lang/Object;Ljava/lang/Object;Ljava/lang/Object;Ljava/lang/Object;Ljava/lang/Object;Ljava/lang/Object;Ljava/lang/Object;Ljava/lan
Event: 1.701 Thread 0x00000215beb32800 Exception <a 'java/lang/NoSuchMethodError'{0x000000071188a910}: java.lang.invoke.DirectMethodHandle$Holder.invokeInterface(Ljava/lang/Object;Ljava/lang/Object;)V> (0x000000071188a910) thrown at [./open/src/hotspot/share/interpreter/linkResolver.cpp, line 

Events (10 events):
Event: 15082.741 Executing VM operation: GetFrameCount done
Event: 15082.741 Executing VM operation: GetStackTrace
Event: 15082.741 Executing VM operation: GetStackTrace done
Event: 15082.768 Executing VM operation: ChangeBreakpoints
Event: 15082.771 Executing VM operation: ChangeBreakpoints done
Event: 15082.771 Executing VM operation: ChangeBreakpoints
Event: 15082.774 Executing VM operation: ChangeBreakpoints done
Event: 15082.783 Executing VM operation: ChangeBreakpoints
Event: 15082.785 Executing VM operation: ChangeBreakpoints done
Event: 15082.788 Executing VM operation: GetOrSetLocal


Dynamic libraries:
0x00007ff66dd30000 - 0x00007ff66dd3f000 	C:\Program Files\Java\jdk-11.0.17\bin\java.exe
0x00007ff96a670000 - 0x00007ff96a887000 	C:\WINDOWS\SYSTEM32\ntdll.dll
0x00007ff9686a0000 - 0x00007ff968764000 	C:\WINDOWS\System32\KERNEL32.DLL
0x00007ff967d50000 - 0x00007ff9680f6000 	C:\WINDOWS\System32\KERNELBASE.dll
0x00007ff967b20000 - 0x00007ff967c31000 	C:\WINDOWS\System32\ucrtbase.dll
0x00007ff9424d0000 - 0x00007ff9424e8000 	C:\Program Files\Java\jdk-11.0.17\bin\jli.dll
0x00007ff941680000 - 0x00007ff941695000 	C:\Program Files\Java\jdk-11.0.17\bin\VCRUNTIME140.dll
0x00007ff968890000 - 0x00007ff968943000 	C:\WINDOWS\System32\ADVAPI32.dll
0x00007ff9699b0000 - 0x00007ff969a57000 	C:\WINDOWS\System32\msvcrt.dll
0x00007ff9687e0000 - 0x00007ff968888000 	C:\WINDOWS\System32\sechost.dll
0x00007ff968390000 - 0x00007ff9683b8000 	C:\WINDOWS\System32\bcrypt.dll
0x00007ff96a160000 - 0x00007ff96a277000 	C:\WINDOWS\System32\RPCRT4.dll
0x00007ff96a460000 - 0x00007ff96a60e000 	C:\WINDOWS\System32\USER32.dll
0x00007ff9682e0000 - 0x00007ff968306000 	C:\WINDOWS\System32\win32u.dll
0x00007ff962020000 - 0x00007ff9622b3000 	C:\WINDOWS\WinSxS\amd64_microsoft.windows.common-controls_6595b64144ccf1df_6.0.22621.2506_none_270c5ae97388e100\COMCTL32.dll
0x00007ff96a280000 - 0x00007ff96a2a9000 	C:\WINDOWS\System32\GDI32.dll
0x00007ff9681c0000 - 0x00007ff9682d8000 	C:\WINDOWS\System32\gdi32full.dll
0x00007ff967c40000 - 0x00007ff967cda000 	C:\WINDOWS\System32\msvcp_win.dll
0x00007ff957790000 - 0x00007ff95779a000 	C:\WINDOWS\SYSTEM32\VERSION.dll
0x00007ff969960000 - 0x00007ff969991000 	C:\WINDOWS\System32\IMM32.DLL
0x00007ff8fb950000 - 0x00007ff8fba01000 	C:\Program Files\McAfee\Endpoint Security\Threat Prevention\Ips\EpMPApi.dll
0x00007ff967ce0000 - 0x00007ff967d4b000 	C:\WINDOWS\System32\WINTRUST.dll
0x00007ff9679b0000 - 0x00007ff967b16000 	C:\WINDOWS\System32\CRYPT32.dll
0x00007ff967560000 - 0x00007ff967572000 	C:\WINDOWS\SYSTEM32\MSASN1.dll
0x0000000057bd0000 - 0x0000000057bdc000 	C:\Program Files\McAfee\Endpoint Security\Threat Prevention\Ips\EpMPThe.dll
0x00007ff92cb20000 - 0x00007ff92cb7b000 	C:\Program Files\McAfee\Endpoint Security\Threat Prevention\Ips\HIPHandlers64.dll
0x00007ff968c30000 - 0x00007ff96948a000 	C:\WINDOWS\System32\SHELL32.dll
0x00007ff968590000 - 0x00007ff9685ee000 	C:\WINDOWS\System32\SHLWAPI.dll
0x00007ff95c950000 - 0x00007ff95cb83000 	C:\WINDOWS\SYSTEM32\dbghelp.dll
0x00007ff969da0000 - 0x00007ff96a129000 	C:\WINDOWS\System32\combase.dll
0x00007ff968b50000 - 0x00007ff968c27000 	C:\WINDOWS\System32\OLEAUT32.dll
0x00007ff9415b0000 - 0x00007ff94164b000 	C:\Program Files\Java\jdk-11.0.17\bin\msvcp140.dll
0x00007ff940a90000 - 0x00007ff9415aa000 	C:\Program Files\Java\jdk-11.0.17\bin\server\jvm.dll
0x00007ff969c00000 - 0x00007ff969c08000 	C:\WINDOWS\System32\PSAPI.DLL
0x00007ff945d70000 - 0x00007ff945d79000 	C:\WINDOWS\SYSTEM32\WSOCK32.dll
0x00007ff968ad0000 - 0x00007ff968b41000 	C:\WINDOWS\System32\WS2_32.dll
0x00007ff95f5f0000 - 0x00007ff95f624000 	C:\WINDOWS\SYSTEM32\WINMM.dll
0x00007ff9669a0000 - 0x00007ff9669b8000 	C:\WINDOWS\SYSTEM32\kernel.appcore.dll
0x00007ff9424c0000 - 0x00007ff9424d0000 	C:\Program Files\Java\jdk-11.0.17\bin\verify.dll
0x00007ff948310000 - 0x00007ff948342000 	C:\WINDOWS\SYSTEM32\dbgcore.DLL
0x00007ff968310000 - 0x00007ff96838a000 	C:\WINDOWS\System32\bcryptPrimitives.dll
0x00007ff940a60000 - 0x00007ff940a88000 	C:\Program Files\Java\jdk-11.0.17\bin\java.dll
0x00007ff940a50000 - 0x00007ff940a5a000 	C:\Program Files\Java\jdk-11.0.17\bin\jimage.dll
0x00007ff920f50000 - 0x00007ff920f88000 	C:\Program Files\Java\jdk-11.0.17\bin\jdwp.dll
0x00007ff94ef90000 - 0x00007ff94ef9e000 	C:\Program Files\Java\jdk-11.0.17\bin\instrument.dll
0x00007ff9409e0000 - 0x00007ff9409f6000 	C:\Program Files\Java\jdk-11.0.17\bin\zip.dll
0x00007ff9658b0000 - 0x00007ff9661a6000 	C:\WINDOWS\SYSTEM32\windows.storage.dll
0x00007ff965770000 - 0x00007ff9658ae000 	C:\WINDOWS\SYSTEM32\wintypes.dll
0x00007ff969c10000 - 0x00007ff969d03000 	C:\WINDOWS\System32\SHCORE.dll
0x00007ff9678e0000 - 0x00007ff967906000 	C:\WINDOWS\SYSTEM32\profapi.dll
0x00007ff94ee20000 - 0x00007ff94ee2a000 	C:\Program Files\Java\jdk-11.0.17\bin\dt_socket.dll
0x00007ff966e10000 - 0x00007ff966e79000 	C:\WINDOWS\system32\mswsock.dll
0x00007ff940700000 - 0x00007ff940719000 	C:\Program Files\Java\jdk-11.0.17\bin\net.dll
0x00007ff961db0000 - 0x00007ff961ee7000 	C:\WINDOWS\SYSTEM32\WINHTTP.dll
0x00007ff9406e0000 - 0x00007ff9406f2000 	C:\Program Files\Java\jdk-11.0.17\bin\nio.dll
0x00007ff967160000 - 0x00007ff96717b000 	C:\WINDOWS\SYSTEM32\CRYPTSP.dll
0x00007ff966900000 - 0x00007ff966935000 	C:\WINDOWS\system32\rsaenh.dll
0x00007ff966eb0000 - 0x00007ff966edc000 	C:\WINDOWS\SYSTEM32\USERENV.dll
0x00007ff967140000 - 0x00007ff96714c000 	C:\WINDOWS\SYSTEM32\CRYPTBASE.dll
0x00007ff966410000 - 0x00007ff96643d000 	C:\WINDOWS\SYSTEM32\IPHLPAPI.DLL
0x00007ff9699a0000 - 0x00007ff9699a9000 	C:\WINDOWS\System32\NSI.dll
0x00007ff961920000 - 0x00007ff961939000 	C:\WINDOWS\SYSTEM32\dhcpcsvc6.DLL
0x00007ff961900000 - 0x00007ff96191f000 	C:\WINDOWS\SYSTEM32\dhcpcsvc.DLL
0x00007ff966480000 - 0x00007ff966579000 	C:\WINDOWS\SYSTEM32\DNSAPI.dll
0x00007ff942420000 - 0x00007ff942437000 	C:\WINDOWS\system32\napinsp.dll
0x00007ff9422d0000 - 0x00007ff9422eb000 	C:\WINDOWS\system32\pnrpnsp.dll
0x00007ff957f90000 - 0x00007ff957fa1000 	C:\WINDOWS\System32\winrnr.dll
0x00007ff95cd90000 - 0x00007ff95cda5000 	C:\WINDOWS\system32\wshbth.dll
0x00007ff9416a0000 - 0x00007ff9416c1000 	C:\WINDOWS\system32\nlansp_c.dll
0x00007ff95cf00000 - 0x00007ff95cf0a000 	C:\Windows\System32\rasadhlp.dll
0x00007ff95f820000 - 0x00007ff95f8a3000 	C:\WINDOWS\System32\fwpuclnt.dll
0x00007ff9504f0000 - 0x00007ff950515000 	C:\Program Files\Java\jdk-11.0.17\bin\sunec.dll
0x00007ff950560000 - 0x00007ff95056d000 	C:\Program Files\Java\jdk-11.0.17\bin\sunmscapi.dll
0x00007ff967250000 - 0x00007ff96727e000 	C:\WINDOWS\SYSTEM32\ncrypt.dll
0x00007ff967210000 - 0x00007ff967247000 	C:\WINDOWS\SYSTEM32\NTASN1.dll

dbghelp: loaded successfully - version: 4.0.5 - missing functions: none
symbol engine: initialized successfully - sym options: 0x614 - pdb path: .;C:\Program Files\Java\jdk-11.0.17\bin;C:\WINDOWS\SYSTEM32;C:\WINDOWS\WinSxS\amd64_microsoft.windows.common-controls_6595b64144ccf1df_6.0.22621.2506_none_270c5ae97388e100;C:\Program Files\McAfee\Endpoint Security\Threat Prevention\Ips;C:\Program Files\Java\jdk-11.0.17\bin\server

VM Arguments:
jvm_args: -agentlib:jdwp=transport=dt_socket,address=127.0.0.1:50991,suspend=y,server=n -ea -Didea.test.cyclic.buffer.size=1048576 -javaagent:C:\Users\SAURAV~1\AppData\Local\Temp\captureAgent9jars\debugger-agent.jar -Dfile.encoding=UTF-8 
java_command: com.intellij.rt.testng.RemoteTestNGStarter -usedefaultlisteners false -socket50990 @w@C:\Users\SAURAV~1\AppData\Local\Temp\idea_working_dirs_testng2.tmp -temp C:\Users\SAURAV~1\AppData\Local\Temp\idea_testng2.tmp
java_class_path (initial): C:\Program Files\JetBrains\IntelliJ IDEA Community Edition 2023.1.4\lib\idea_rt.jar;C:\Program Files\JetBrains\IntelliJ IDEA Community Edition 2023.1.4\plugins\testng\lib\testng-rt.jar;C:\Users\Saurav Sagar\Desktop\DataTesting\target\classes;C:\Users\Saurav Sagar\.m2\repository\com\mysql\mysql-connector-j\8.0.33\mysql-connector-j-8.0.33.jar;C:\Users\Saurav Sagar\.m2\repository\com\google\protobuf\protobuf-java\3.21.9\protobuf-java-3.21.9.jar;C:\Users\Saurav Sagar\.m2\repository\org\apache\poi\poi\4.1.0\poi-4.1.0.jar;C:\Users\Saurav Sagar\.m2\repository\commons-codec\commons-codec\1.12\commons-codec-1.12.jar;C:\Users\Saurav Sagar\.m2\repository\org\apache\commons\commons-collections4\4.3\commons-collections4-4.3.jar;C:\Users\Saurav Sagar\.m2\repository\org\apache\commons\commons-math3\3.6.1\commons-math3-3.6.1.jar;C:\Users\Saurav Sagar\.m2\repository\com\aventstack\extentreports\4.0.9\extentreports-4.0.9.jar;C:\Users\Saurav Sagar\.m2\repository\org\freemarker\freemarker\2.3.23\freemarker-2.3.23.jar;C:\Users\Saurav Sagar\.m2\repository\org\mongodb\mongodb-driver\3.3.0\mongodb-driver-3.3.0.jar;C:\Users\Saurav Sagar\.m2\repository\org\mongodb\mongodb-driver-core\3.3.0\mongodb-driver-core-3.3.0.jar;C:\Users\Saurav Sagar\.m2\repository\org\mongodb\bson\3.3.0\bson-3.3.0.jar;C:\Users\Saurav Sagar\.m2\repository\org\apache\httpcomponents\httpclient\4.5.2\httpclient-4.5.2.jar;C:\Users\Saurav Sagar\.m2\repository\org\apache\httpcomponents\httpcore\4.4.4\httpcore-4.4.4.jar;C:\Users\Saurav Sagar\.m2\repository\commons-logging\commons-logging\1.2\commons-logging-1.2.jar;C:\Users\Saurav Sagar\.m2\repository\org\apache\httpcomponents\httpmime\4.5.2\httpmime-4.5.2.jar;C:\Users\Saurav Sagar\.m2\repository\com\google\code\gson\gson\2.8.5\gson-2.8.5.jar;C:\Users\Saurav Sagar\.m2\repository\org\apache\logging\log4j\log4j-api\2.20.0\log4j-api-2.20.0.jar;C:\Users\Saurav Sagar\.m2\repository\ch\qos\logback\logback-classic\1.2.3\logback-classic-1.2.3.jar;C:\User
Launcher Type: SUN_STANDARD

[Global flags]
     intx CICompilerCount                          = 4                                         {product} {ergonomic}
     uint ConcGCThreads                            = 2                                         {product} {ergonomic}
     uint G1ConcRefinementThreads                  = 8                                         {product} {ergonomic}
   size_t G1HeapRegionSize                         = 1048576                                   {product} {ergonomic}
    uintx GCDrainStackTargetSize                   = 64                                        {product} {ergonomic}
   size_t InitialHeapSize                          = 266338304                                 {product} {ergonomic}
   size_t MarkStackSize                            = 4194304                                   {product} {ergonomic}
   size_t MaxHeapSize                              = 4255121408                                {product} {ergonomic}
   size_t MaxNewSize                               = 2552233984                                {product} {ergonomic}
   size_t MinHeapDeltaBytes                        = 1048576                                   {product} {ergonomic}
    uintx NonNMethodCodeHeapSize                   = 5836300                                {pd product} {ergonomic}
    uintx NonProfiledCodeHeapSize                  = 122910970                              {pd product} {ergonomic}
    uintx ProfiledCodeHeapSize                     = 122910970                              {pd product} {ergonomic}
    uintx ReservedCodeCacheSize                    = 251658240                              {pd product} {ergonomic}
     bool SegmentedCodeCache                       = true                                      {product} {ergonomic}
     bool UseCompressedClassPointers               = true                                 {lp64_product} {ergonomic}
     bool UseCompressedOops                        = true                                 {lp64_product} {ergonomic}
     bool UseG1GC                                  = true                                      {product} {ergonomic}
     bool UseLargePagesIndividualAllocation        = false                                  {pd product} {ergonomic}

Logging:
Log output configuration:
 #0: stdout all=warning uptime,level,tags
 #1: stderr all=off uptime,level,tags

Environment Variables:
PATH=C:\Program Files\Common Files\Oracle\Java\javapath;C:\Program Files (x86)\Common Files\Oracle\Java\javapath;C:\WINDOWS\system32;C:\WINDOWS;C:\WINDOWS\System32\Wbem;C:\WINDOWS\System32\WindowsPowerShell\v1.0\;C:\WINDOWS\System32\OpenSSH\;C:\Program Files\Git\cmd;C:\Program Files\PuTTY\;C:\Program Files\Java\jdk-11.0.17\bin;C:\Program Files\nodejs\;C:\Program Files\Snowflake SnowSQL\;C:\Program Files\Microsoft SQL Server\150\Tools\Binn\;C:\Program Files\Microsoft SQL Server\Client SDK\ODBC\170\Tools\Binn\;C:\Program Files\dotnet\;C:\Users\Saurav Sagar\Downloads\apache-maven-3.9.4\bin;C:\Users\Saurav Sagar\AppData\Local\Programs\Python\Python311\Scripts\;C:\Users\Saurav Sagar\AppData\Local\Programs\Python\Python311\;C:\Program Files\MySQL\MySQL Shell 8.0\bin\;C:\Users\Saurav Sagar\AppData\Local\Microsoft\WindowsApps;C:\Users\Saurav Sagar\AppData\Local\Programs\Microsoft VS Code\bin;C:\Users\Saurav Sagar\AppData\Roaming\npm;C:\Program Files\Java\jdk-11.0.17\bin;;C:\Program Files\JetBrains\IntelliJ IDEA Community Edition 2023.1.4\bin;;C:\Users\Saurav Sagar\.dotnet\tools;C:\Program Files\JetBrains\PyCharm Community Edition 2023.2.5\bin;
USERNAME=Saurav Sagar
OS=Windows_NT
PROCESSOR_IDENTIFIER=Intel64 Family 6 Model 142 Stepping 12, GenuineIntel



---------------  S Y S T E M  ---------------

OS: Windows 11 , 64 bit Build 22621 (10.0.22621.2506)
Hyper-V role detected

CPU:total 8 (initial active 8) (4 cores per cpu, 2 threads per core) family 6 model 142 stepping 12 microcode 0xde, cmov, cx8, fxsr, mmx, sse, sse2, sse3, ssse3, sse4.1, sse4.2, popcnt, avx, avx2, aes, clmul, erms, 3dnowpref, lzcnt, ht, tsc, tscinvbit, bmi1, bmi2, adx, fma

Memory: 4k page, system-wide physical 16226M (3355M free)
TotalPageFile size 31074M (AvailPageFile size 10291M)
current process WorkingSet (physical memory assigned to process): 55M, peak: 133M
current process commit charge ("private bytes"): 373M, peak: 392M

vm_info: Java HotSpot(TM) 64-Bit Server VM (11.0.17+10-LTS-269) for windows-amd64 JRE (11.0.17+10-LTS-269), built on Sep 13 2022 19:26:37 by "mach5one" with MS VC++ 15.9 (VS2017)

END.
